-- The C compiler identification is GNU 11.4.0
-- The CXX compiler identification is GNU 11.4.0
-- Detecting C compiler ABI info
-- Detecting C compiler ABI info - done
-- Check for working C compiler: /usr/lib/ccache/cc - skipped
-- Detecting C compile features
-- Detecting C compile features - done
-- Detecting CXX compiler ABI info
-- Detecting CXX compiler ABI info - done
-- Check for working CXX compiler: /usr/lib/ccache/c++ - skipped
-- Detecting CXX compile features
-- Detecting CXX compile features - done
-- Found ament_cmake: 1.3.12 (/opt/ros/humble/share/ament_cmake/cmake)
-- Found Python3: /usr/bin/python3 (found version "3.10.12") found components: Interpreter 
-- Override CMake install command with custom implementation using symlinks instead of copying resources
-- Found ament_lint_auto: 0.12.14 (/opt/ros/humble/share/ament_lint_auto/cmake)
-- Added test 'flake8' to check Python code syntax and style conventions
-- Added test 'lint_cmake' to check CMake code style
-- Added test 'pep257' to check Python code against some of the docstring style conventions in PEP 257
-- Added test 'xmllint' to check XML markup files
-- Configuring done
-- Generating done
-- Build files have been written to: /mnt/c/Users/USER/Documents/wheelchair/wheelchair_ws/build/wheelchair_description
-- Install configuration: ""
-- Execute custom install script
-- Symlinking: /mnt/c/Users/USER/Documents/wheelchair/wheelchair_ws/install/wheelchair_description/share/wheelchair_description//launch/wheelchair_gazebo.launch.py
-- Symlinking: /mnt/c/Users/USER/Documents/wheelchair/wheelchair_ws/install/wheelchair_description/share/wheelchair_description//meshes/back_collision.stl
-- Symlinking: /mnt/c/Users/USER/Documents/wheelchair/wheelchair_ws/install/wheelchair_description/share/wheelchair_description//meshes/back_visual.mtl
-- Symlinking: /mnt/c/Users/USER/Documents/wheelchair/wheelchair_ws/install/wheelchair_description/share/wheelchair_description//meshes/back_visual.obj
-- Symlinking: /mnt/c/Users/USER/Documents/wheelchair/wheelchair_ws/install/wheelchair_description/share/wheelchair_description//meshes/back_visual.stl
-- Symlinking: /mnt/c/Users/USER/Documents/wheelchair/wheelchair_ws/install/wheelchair_description/share/wheelchair_description//meshes/base_link_collision.stl
-- Symlinking: /mnt/c/Users/USER/Documents/wheelchair/wheelchair_ws/install/wheelchair_description/share/wheelchair_description//meshes/base_link_visual.mtl
-- Symlinking: /mnt/c/Users/USER/Documents/wheelchair/wheelchair_ws/install/wheelchair_description/share/wheelchair_description//meshes/base_link_visual.obj
-- Symlinking: /mnt/c/Users/USER/Documents/wheelchair/wheelchair_ws/install/wheelchair_description/share/wheelchair_description//meshes/base_link_visual.stl
-- Symlinking: /mnt/c/Users/USER/Documents/wheelchair/wheelchair_ws/install/wheelchair_description/share/wheelchair_description//meshes/caster_left_collision.stl
-- Symlinking: /mnt/c/Users/USER/Documents/wheelchair/wheelchair_ws/install/wheelchair_description/share/wheelchair_description//meshes/caster_left_visual.mtl
-- Symlinking: /mnt/c/Users/USER/Documents/wheelchair/wheelchair_ws/install/wheelchair_description/share/wheelchair_description//meshes/caster_left_visual.obj
-- Symlinking: /mnt/c/Users/USER/Documents/wheelchair/wheelchair_ws/install/wheelchair_description/share/wheelchair_description//meshes/caster_left_visual.stl
-- Symlinking: /mnt/c/Users/USER/Documents/wheelchair/wheelchair_ws/install/wheelchair_description/share/wheelchair_description//meshes/caster_right_collision.stl
-- Symlinking: /mnt/c/Users/USER/Documents/wheelchair/wheelchair_ws/install/wheelchair_description/share/wheelchair_description//meshes/caster_right_visual.mtl
-- Symlinking: /mnt/c/Users/USER/Documents/wheelchair/wheelchair_ws/install/wheelchair_description/share/wheelchair_description//meshes/caster_right_visual.obj
-- Symlinking: /mnt/c/Users/USER/Documents/wheelchair/wheelchair_ws/install/wheelchair_description/share/wheelchair_description//meshes/caster_right_visual.stl
-- Symlinking: /mnt/c/Users/USER/Documents/wheelchair/wheelchair_ws/install/wheelchair_description/share/wheelchair_description//meshes/frame_collision.stl
-- Symlinking: /mnt/c/Users/USER/Documents/wheelchair/wheelchair_ws/install/wheelchair_description/share/wheelchair_description//meshes/frame_visual.mtl
-- Symlinking: /mnt/c/Users/USER/Documents/wheelchair/wheelchair_ws/install/wheelchair_description/share/wheelchair_description//meshes/frame_visual.obj
-- Symlinking: /mnt/c/Users/USER/Documents/wheelchair/wheelchair_ws/install/wheelchair_description/share/wheelchair_description//meshes/frame_visual.stl
-- Symlinking: /mnt/c/Users/USER/Documents/wheelchair/wheelchair_ws/install/wheelchair_description/share/wheelchair_description//meshes/left_armrest_collision.stl
-- Symlinking: /mnt/c/Users/USER/Documents/wheelchair/wheelchair_ws/install/wheelchair_description/share/wheelchair_description//meshes/left_armrest_visual.mtl
-- Symlinking: /mnt/c/Users/USER/Documents/wheelchair/wheelchair_ws/install/wheelchair_description/share/wheelchair_description//meshes/left_armrest_visual.obj
-- Symlinking: /mnt/c/Users/USER/Documents/wheelchair/wheelchair_ws/install/wheelchair_description/share/wheelchair_description//meshes/left_armrest_visual.stl
-- Symlinking: /mnt/c/Users/USER/Documents/wheelchair/wheelchair_ws/install/wheelchair_description/share/wheelchair_description//meshes/left_caster_collision.stl
-- Symlinking: /mnt/c/Users/USER/Documents/wheelchair/wheelchair_ws/install/wheelchair_description/share/wheelchair_description//meshes/left_caster_visual.stl
-- Symlinking: /mnt/c/Users/USER/Documents/wheelchair/wheelchair_ws/install/wheelchair_description/share/wheelchair_description//meshes/left_flap_collision.stl
-- Symlinking: /mnt/c/Users/USER/Documents/wheelchair/wheelchair_ws/install/wheelchair_description/share/wheelchair_description//meshes/left_flap_visual.mtl
-- Symlinking: /mnt/c/Users/USER/Documents/wheelchair/wheelchair_ws/install/wheelchair_description/share/wheelchair_description//meshes/left_flap_visual.obj
-- Symlinking: /mnt/c/Users/USER/Documents/wheelchair/wheelchair_ws/install/wheelchair_description/share/wheelchair_description//meshes/left_flap_visual.stl
-- Symlinking: /mnt/c/Users/USER/Documents/wheelchair/wheelchair_ws/install/wheelchair_description/share/wheelchair_description//meshes/left_handle_collision.stl
-- Symlinking: /mnt/c/Users/USER/Documents/wheelchair/wheelchair_ws/install/wheelchair_description/share/wheelchair_description//meshes/left_handle_visual.stl
-- Symlinking: /mnt/c/Users/USER/Documents/wheelchair/wheelchair_ws/install/wheelchair_description/share/wheelchair_description//meshes/left_panel_collision.stl
-- Symlinking: /mnt/c/Users/USER/Documents/wheelchair/wheelchair_ws/install/wheelchair_description/share/wheelchair_description//meshes/left_panel_visual.mtl
-- Symlinking: /mnt/c/Users/USER/Documents/wheelchair/wheelchair_ws/install/wheelchair_description/share/wheelchair_description//meshes/left_panel_visual.obj
-- Symlinking: /mnt/c/Users/USER/Documents/wheelchair/wheelchair_ws/install/wheelchair_description/share/wheelchair_description//meshes/left_panel_visual.stl
-- Symlinking: /mnt/c/Users/USER/Documents/wheelchair/wheelchair_ws/install/wheelchair_description/share/wheelchair_description//meshes/left_pedal_collision.stl
-- Symlinking: /mnt/c/Users/USER/Documents/wheelchair/wheelchair_ws/install/wheelchair_description/share/wheelchair_description//meshes/left_pedal_visual.stl
-- Symlinking: /mnt/c/Users/USER/Documents/wheelchair/wheelchair_ws/install/wheelchair_description/share/wheelchair_description//meshes/left_pin_collision.stl
-- Symlinking: /mnt/c/Users/USER/Documents/wheelchair/wheelchair_ws/install/wheelchair_description/share/wheelchair_description//meshes/left_pin_visual.mtl
-- Symlinking: /mnt/c/Users/USER/Documents/wheelchair/wheelchair_ws/install/wheelchair_description/share/wheelchair_description//meshes/left_pin_visual.obj
-- Symlinking: /mnt/c/Users/USER/Documents/wheelchair/wheelchair_ws/install/wheelchair_description/share/wheelchair_description//meshes/left_pin_visual.stl
-- Symlinking: /mnt/c/Users/USER/Documents/wheelchair/wheelchair_ws/install/wheelchair_description/share/wheelchair_description//meshes/leftbackwheel_collision.stl
-- Symlinking: /mnt/c/Users/USER/Documents/wheelchair/wheelchair_ws/install/wheelchair_description/share/wheelchair_description//meshes/leftbackwheel_visual.mtl
-- Symlinking: /mnt/c/Users/USER/Documents/wheelchair/wheelchair_ws/install/wheelchair_description/share/wheelchair_description//meshes/leftbackwheel_visual.obj
-- Symlinking: /mnt/c/Users/USER/Documents/wheelchair/wheelchair_ws/install/wheelchair_description/share/wheelchair_description//meshes/leftbackwheel_visual.stl
-- Symlinking: /mnt/c/Users/USER/Documents/wheelchair/wheelchair_ws/install/wheelchair_description/share/wheelchair_description//meshes/leftfrontwheel_collision.stl
-- Symlinking: /mnt/c/Users/USER/Documents/wheelchair/wheelchair_ws/install/wheelchair_description/share/wheelchair_description//meshes/leftfrontwheel_visual.mtl
-- Symlinking: /mnt/c/Users/USER/Documents/wheelchair/wheelchair_ws/install/wheelchair_description/share/wheelchair_description//meshes/leftfrontwheel_visual.obj
-- Symlinking: /mnt/c/Users/USER/Documents/wheelchair/wheelchair_ws/install/wheelchair_description/share/wheelchair_description//meshes/leftfrontwheel_visual.stl
-- Symlinking: /mnt/c/Users/USER/Documents/wheelchair/wheelchair_ws/install/wheelchair_description/share/wheelchair_description//meshes/right_armrest_collision.stl
-- Symlinking: /mnt/c/Users/USER/Documents/wheelchair/wheelchair_ws/install/wheelchair_description/share/wheelchair_description//meshes/right_armrest_visual.mtl
-- Symlinking: /mnt/c/Users/USER/Documents/wheelchair/wheelchair_ws/install/wheelchair_description/share/wheelchair_description//meshes/right_armrest_visual.obj
-- Symlinking: /mnt/c/Users/USER/Documents/wheelchair/wheelchair_ws/install/wheelchair_description/share/wheelchair_description//meshes/right_armrest_visual.stl
-- Symlinking: /mnt/c/Users/USER/Documents/wheelchair/wheelchair_ws/install/wheelchair_description/share/wheelchair_description//meshes/right_caster_collision.stl
-- Symlinking: /mnt/c/Users/USER/Documents/wheelchair/wheelchair_ws/install/wheelchair_description/share/wheelchair_description//meshes/right_caster_visual.stl
-- Symlinking: /mnt/c/Users/USER/Documents/wheelchair/wheelchair_ws/install/wheelchair_description/share/wheelchair_description//meshes/right_flap_collision.stl
-- Symlinking: /mnt/c/Users/USER/Documents/wheelchair/wheelchair_ws/install/wheelchair_description/share/wheelchair_description//meshes/right_flap_visual.mtl
-- Symlinking: /mnt/c/Users/USER/Documents/wheelchair/wheelchair_ws/install/wheelchair_description/share/wheelchair_description//meshes/right_flap_visual.obj
-- Symlinking: /mnt/c/Users/USER/Documents/wheelchair/wheelchair_ws/install/wheelchair_description/share/wheelchair_description//meshes/right_flap_visual.stl
-- Symlinking: /mnt/c/Users/USER/Documents/wheelchair/wheelchair_ws/install/wheelchair_description/share/wheelchair_description//meshes/right_handle_collision.stl
-- Symlinking: /mnt/c/Users/USER/Documents/wheelchair/wheelchair_ws/install/wheelchair_description/share/wheelchair_description//meshes/right_handle_visual.stl
-- Symlinking: /mnt/c/Users/USER/Documents/wheelchair/wheelchair_ws/install/wheelchair_description/share/wheelchair_description//meshes/right_panel_collision.stl
-- Symlinking: /mnt/c/Users/USER/Documents/wheelchair/wheelchair_ws/install/wheelchair_description/share/wheelchair_description//meshes/right_panel_visual.mtl
-- Symlinking: /mnt/c/Users/USER/Documents/wheelchair/wheelchair_ws/install/wheelchair_description/share/wheelchair_description//meshes/right_panel_visual.obj
-- Symlinking: /mnt/c/Users/USER/Documents/wheelchair/wheelchair_ws/install/wheelchair_description/share/wheelchair_description//meshes/right_panel_visual.stl
-- Symlinking: /mnt/c/Users/USER/Documents/wheelchair/wheelchair_ws/install/wheelchair_description/share/wheelchair_description//meshes/right_pedal_collision.stl
-- Symlinking: /mnt/c/Users/USER/Documents/wheelchair/wheelchair_ws/install/wheelchair_description/share/wheelchair_description//meshes/right_pedal_visual.stl
-- Symlinking: /mnt/c/Users/USER/Documents/wheelchair/wheelchair_ws/install/wheelchair_description/share/wheelchair_description//meshes/right_pin_collision.stl
-- Symlinking: /mnt/c/Users/USER/Documents/wheelchair/wheelchair_ws/install/wheelchair_description/share/wheelchair_description//meshes/right_pin_visual.mtl
-- Symlinking: /mnt/c/Users/USER/Documents/wheelchair/wheelchair_ws/install/wheelchair_description/share/wheelchair_description//meshes/right_pin_visual.obj
-- Symlinking: /mnt/c/Users/USER/Documents/wheelchair/wheelchair_ws/install/wheelchair_description/share/wheelchair_description//meshes/right_pin_visual.stl
-- Symlinking: /mnt/c/Users/USER/Documents/wheelchair/wheelchair_ws/install/wheelchair_description/share/wheelchair_description//meshes/rightbackwheel_collision.stl
-- Symlinking: /mnt/c/Users/USER/Documents/wheelchair/wheelchair_ws/install/wheelchair_description/share/wheelchair_description//meshes/rightbackwheel_visual.mtl
-- Symlinking: /mnt/c/Users/USER/Documents/wheelchair/wheelchair_ws/install/wheelchair_description/share/wheelchair_description//meshes/rightbackwheel_visual.obj
-- Symlinking: /mnt/c/Users/USER/Documents/wheelchair/wheelchair_ws/install/wheelchair_description/share/wheelchair_description//meshes/rightbackwheel_visual.stl
-- Symlinking: /mnt/c/Users/USER/Documents/wheelchair/wheelchair_ws/install/wheelchair_description/share/wheelchair_description//meshes/rightfrontwheel_collision.stl
-- Symlinking: /mnt/c/Users/USER/Documents/wheelchair/wheelchair_ws/install/wheelchair_description/share/wheelchair_description//meshes/rightfrontwheel_visual.mtl
-- Symlinking: /mnt/c/Users/USER/Documents/wheelchair/wheelchair_ws/install/wheelchair_description/share/wheelchair_description//meshes/rightfrontwheel_visual.obj
-- Symlinking: /mnt/c/Users/USER/Documents/wheelchair/wheelchair_ws/install/wheelchair_description/share/wheelchair_description//meshes/rightfrontwheel_visual.stl
-- Symlinking: /mnt/c/Users/USER/Documents/wheelchair/wheelchair_ws/install/wheelchair_description/share/wheelchair_description//meshes/seat_collision.stl
-- Symlinking: /mnt/c/Users/USER/Documents/wheelchair/wheelchair_ws/install/wheelchair_description/share/wheelchair_description//meshes/seat_visual.mtl
-- Symlinking: /mnt/c/Users/USER/Documents/wheelchair/wheelchair_ws/install/wheelchair_description/share/wheelchair_description//meshes/seat_visual.obj
-- Symlinking: /mnt/c/Users/USER/Documents/wheelchair/wheelchair_ws/install/wheelchair_description/share/wheelchair_description//meshes/seat_visual.stl
-- Symlinking: /mnt/c/Users/USER/Documents/wheelchair/wheelchair_ws/install/wheelchair_description/share/wheelchair_description//urdf/emptyworld.world
-- Symlinking: /mnt/c/Users/USER/Documents/wheelchair/wheelchair_ws/install/wheelchair_description/share/wheelchair_description//urdf/wheelchairtest.gazebo
-- Symlinking: /mnt/c/Users/USER/Documents/wheelchair/wheelchair_ws/install/wheelchair_description/share/wheelchair_description//urdf/wheelchairtest.urdf
-- Symlinking: /mnt/c/Users/USER/Documents/wheelchair/wheelchair_ws/install/wheelchair_description/share/wheelchair_description//urdf/wheelchairtest.xacro
-- Symlinking: /mnt/c/Users/USER/Documents/wheelchair/wheelchair_ws/install/wheelchair_description/share/ament_index/resource_index/package_run_dependencies/wheelchair_description
-- Symlinking: /mnt/c/Users/USER/Documents/wheelchair/wheelchair_ws/install/wheelchair_description/share/ament_index/resource_index/parent_prefix_path/wheelchair_description
-- Symlinking: /mnt/c/Users/USER/Documents/wheelchair/wheelchair_ws/install/wheelchair_description/share/wheelchair_description/environment/ament_prefix_path.sh
-- Symlinking: /mnt/c/Users/USER/Documents/wheelchair/wheelchair_ws/install/wheelchair_description/share/wheelchair_description/environment/ament_prefix_path.dsv
-- Symlinking: /mnt/c/Users/USER/Documents/wheelchair/wheelchair_ws/install/wheelchair_description/share/wheelchair_description/environment/path.sh
-- Symlinking: /mnt/c/Users/USER/Documents/wheelchair/wheelchair_ws/install/wheelchair_description/share/wheelchair_description/environment/path.dsv
-- Symlinking: /mnt/c/Users/USER/Documents/wheelchair/wheelchair_ws/install/wheelchair_description/share/wheelchair_description/local_setup.bash
-- Symlinking: /mnt/c/Users/USER/Documents/wheelchair/wheelchair_ws/install/wheelchair_description/share/wheelchair_description/local_setup.sh
-- Symlinking: /mnt/c/Users/USER/Documents/wheelchair/wheelchair_ws/install/wheelchair_description/share/wheelchair_description/local_setup.zsh
-- Symlinking: /mnt/c/Users/USER/Documents/wheelchair/wheelchair_ws/install/wheelchair_description/share/wheelchair_description/local_setup.dsv
-- Symlinking: /mnt/c/Users/USER/Documents/wheelchair/wheelchair_ws/install/wheelchair_description/share/wheelchair_description/package.dsv
-- Symlinking: /mnt/c/Users/USER/Documents/wheelchair/wheelchair_ws/install/wheelchair_description/share/ament_index/resource_index/packages/wheelchair_description
-- Symlinking: /mnt/c/Users/USER/Documents/wheelchair/wheelchair_ws/install/wheelchair_description/share/wheelchair_description/cmake/wheelchair_descriptionConfig.cmake
-- Symlinking: /mnt/c/Users/USER/Documents/wheelchair/wheelchair_ws/install/wheelchair_description/share/wheelchair_description/cmake/wheelchair_descriptionConfig-version.cmake
-- Symlinking: /mnt/c/Users/USER/Documents/wheelchair/wheelchair_ws/install/wheelchair_description/share/wheelchair_description/package.xml
