[0.336s] DEBUG:colcon:Command line arguments: ['/usr/bin/colcon', 'build', '--symlink-install']
[0.337s] DEBUG:colcon:Parsed command line arguments: Namespace(log_base=None, log_level=None, verb_name='build', build_base='build', install_base='install', merge_install=False, symlink_install=True, test_result_base=None, continue_on_error=False, executor='parallel', parallel_workers=12, event_handlers=None, ignore_user_meta=False, metas=['./colcon.meta'], base_paths=['.'], packages_ignore=None, packages_ignore_regex=None, paths=None, packages_up_to=None, packages_up_to_regex=None, packages_above=None, packages_above_and_dependencies=None, packages_above_depth=None, packages_select_by_dep=None, packages_skip_by_dep=None, packages_skip_up_to=None, packages_select_build_failed=False, packages_skip_build_finished=False, packages_select_test_failures=False, packages_skip_test_passed=False, packages_select=None, packages_skip=None, packages_select_regex=None, packages_skip_regex=None, packages_start=None, packages_end=None, allow_overriding=[], cmake_args=None, cmake_target=None, cmake_target_skip_unavailable=False, cmake_clean_cache=False, cmake_clean_first=False, cmake_force_configure=False, ament_cmake_args=None, catkin_cmake_args=None, catkin_skip_building_tests=False, verb_parser=<colcon_defaults.argument_parser.defaults.DefaultArgumentsDecorator object at 0x7c4ffe8018a0>, verb_extension=<colcon_core.verb.build.BuildVerb object at 0x7c4ffe9d1f90>, main=<bound method BuildVerb.main of <colcon_core.verb.build.BuildVerb object at 0x7c4ffe9d1f90>>)
[0.480s] Level 1:colcon.colcon_core.package_discovery:discover_packages(colcon_meta) check parameters
[0.482s] Level 1:colcon.colcon_core.package_discovery:discover_packages(recursive) check parameters
[0.482s] Level 1:colcon.colcon_core.package_discovery:discover_packages(ignore) check parameters
[0.483s] Level 1:colcon.colcon_core.package_discovery:discover_packages(path) check parameters
[0.483s] Level 1:colcon.colcon_core.package_discovery:discover_packages(colcon_meta) discover
[0.484s] Level 1:colcon.colcon_core.package_discovery:discover_packages(recursive) discover
[0.485s] INFO:colcon.colcon_core.package_discovery:Crawling recursively for packages in '/mnt/c/Users/USER/Documents/wheelchair/wheelchair_ws'
[0.489s] Level 1:colcon.colcon_core.package_identification:_identify(.) by extensions ['ignore', 'ignore_ament_install']
[0.490s] Level 1:colcon.colcon_core.package_identification:_identify(.) by extension 'ignore'
[0.491s] Level 1:colcon.colcon_core.package_identification:_identify(.) by extension 'ignore_ament_install'
[0.493s] Level 1:colcon.colcon_core.package_identification:_identify(.) by extensions ['colcon_pkg']
[0.493s] Level 1:colcon.colcon_core.package_identification:_identify(.) by extension 'colcon_pkg'
[0.494s] Level 1:colcon.colcon_core.package_identification:_identify(.) by extensions ['colcon_meta']
[0.495s] Level 1:colcon.colcon_core.package_identification:_identify(.) by extension 'colcon_meta'
[0.495s] Level 1:colcon.colcon_core.package_identification:_identify(.) by extensions ['ros']
[0.496s] Level 1:colcon.colcon_core.package_identification:_identify(.) by extension 'ros'
[0.523s] Level 1:colcon.colcon_core.package_identification:_identify(.) by extensions ['cmake', 'python']
[0.523s] Level 1:colcon.colcon_core.package_identification:_identify(.) by extension 'cmake'
[0.525s] Level 1:colcon.colcon_core.package_identification:_identify(.) by extension 'python'
[0.526s] Level 1:colcon.colcon_core.package_identification:_identify(.) by extensions ['python_setup_py']
[0.527s] Level 1:colcon.colcon_core.package_identification:_identify(.) by extension 'python_setup_py'
[0.538s] Level 1:colcon.colcon_core.package_identification:_identify(build) by extensions ['ignore', 'ignore_ament_install']
[0.539s] Level 1:colcon.colcon_core.package_identification:_identify(build) by extension 'ignore'
[0.545s] Level 1:colcon.colcon_core.package_identification:_identify(build) ignored
[0.553s] Level 1:colcon.colcon_core.package_identification:_identify(install) by extensions ['ignore', 'ignore_ament_install']
[0.554s] Level 1:colcon.colcon_core.package_identification:_identify(install) by extension 'ignore'
[0.558s] Level 1:colcon.colcon_core.package_identification:_identify(install) ignored
[0.576s] Level 1:colcon.colcon_core.package_identification:_identify(log) by extensions ['ignore', 'ignore_ament_install']
[0.577s] Level 1:colcon.colcon_core.package_identification:_identify(log) by extension 'ignore'
[0.581s] Level 1:colcon.colcon_core.package_identification:_identify(log) ignored
[0.591s] Level 1:colcon.colcon_core.package_identification:_identify(wheelchair_description) by extensions ['ignore', 'ignore_ament_install']
[0.592s] Level 1:colcon.colcon_core.package_identification:_identify(wheelchair_description) by extension 'ignore'
[0.594s] Level 1:colcon.colcon_core.package_identification:_identify(wheelchair_description) by extension 'ignore_ament_install'
[0.598s] Level 1:colcon.colcon_core.package_identification:_identify(wheelchair_description) by extensions ['colcon_pkg']
[0.598s] Level 1:colcon.colcon_core.package_identification:_identify(wheelchair_description) by extension 'colcon_pkg'
[0.601s] Level 1:colcon.colcon_core.package_identification:_identify(wheelchair_description) by extensions ['colcon_meta']
[0.601s] Level 1:colcon.colcon_core.package_identification:_identify(wheelchair_description) by extension 'colcon_meta'
[0.603s] Level 1:colcon.colcon_core.package_identification:_identify(wheelchair_description) by extensions ['ros']
[0.604s] Level 1:colcon.colcon_core.package_identification:_identify(wheelchair_description) by extension 'ros'
[0.635s] DEBUG:colcon.colcon_core.package_identification:Package 'wheelchair_description' with type 'ros.ament_cmake' and name 'wheelchair_description'
[0.636s] Level 1:colcon.colcon_core.package_discovery:discover_packages(recursive) using defaults
[0.636s] Level 1:colcon.colcon_core.package_discovery:discover_packages(ignore) discover
[0.637s] Level 1:colcon.colcon_core.package_discovery:discover_packages(ignore) using defaults
[0.638s] Level 1:colcon.colcon_core.package_discovery:discover_packages(path) discover
[0.639s] Level 1:colcon.colcon_core.package_discovery:discover_packages(path) using defaults
[0.667s] Level 1:colcon.colcon_core.package_discovery:discover_packages(prefix_path) check parameters
[0.668s] Level 1:colcon.colcon_core.package_discovery:discover_packages(prefix_path) discover
[0.669s] WARNING:colcon.colcon_core.prefix_path.colcon:The path '/home/jahwinjames/wheelchair/wheelchair_ws/install' in the environment variable COLCON_PREFIX_PATH doesn't exist
[0.673s] WARNING:colcon.colcon_ros.prefix_path.ament:The path '/home/jahwinjames/wheelchair/wheelchair_ws/install/wheelchair_description' in the environment variable AMENT_PREFIX_PATH doesn't exist
[0.675s] WARNING:colcon.colcon_ros.prefix_path.catkin:The path '/home/jahwinjames/wheelchair/wheelchair_ws/install/wheelchair_description' in the environment variable CMAKE_PREFIX_PATH doesn't exist
[0.678s] DEBUG:colcon.colcon_installed_package_information.package_discovery:Found 342 installed packages in /opt/ros/humble
[0.680s] Level 1:colcon.colcon_core.package_discovery:discover_packages(prefix_path) using defaults
[0.721s] Level 5:colcon.colcon_core.verb:set package 'wheelchair_description' build argument 'cmake_args' from command line to 'None'
[0.722s] Level 5:colcon.colcon_core.verb:set package 'wheelchair_description' build argument 'cmake_target' from command line to 'None'
[0.722s] Level 5:colcon.colcon_core.verb:set package 'wheelchair_description' build argument 'cmake_target_skip_unavailable' from command line to 'False'
[0.723s] Level 5:colcon.colcon_core.verb:set package 'wheelchair_description' build argument 'cmake_clean_cache' from command line to 'False'
[0.723s] Level 5:colcon.colcon_core.verb:set package 'wheelchair_description' build argument 'cmake_clean_first' from command line to 'False'
[0.724s] Level 5:colcon.colcon_core.verb:set package 'wheelchair_description' build argument 'cmake_force_configure' from command line to 'False'
[0.724s] Level 5:colcon.colcon_core.verb:set package 'wheelchair_description' build argument 'ament_cmake_args' from command line to 'None'
[0.725s] Level 5:colcon.colcon_core.verb:set package 'wheelchair_description' build argument 'catkin_cmake_args' from command line to 'None'
[0.726s] Level 5:colcon.colcon_core.verb:set package 'wheelchair_description' build argument 'catkin_skip_building_tests' from command line to 'False'
[0.726s] DEBUG:colcon.colcon_core.verb:Building package 'wheelchair_description' with the following arguments: {'ament_cmake_args': None, 'build_base': '/mnt/c/Users/USER/Documents/wheelchair/wheelchair_ws/build/wheelchair_description', 'catkin_cmake_args': None, 'catkin_skip_building_tests': False, 'cmake_args': None, 'cmake_clean_cache': False, 'cmake_clean_first': False, 'cmake_force_configure': False, 'cmake_target': None, 'cmake_target_skip_unavailable': False, 'install_base': '/mnt/c/Users/USER/Documents/wheelchair/wheelchair_ws/install/wheelchair_description', 'merge_install': False, 'path': '/mnt/c/Users/USER/Documents/wheelchair/wheelchair_ws/wheelchair_description', 'symlink_install': True, 'test_result_base': None}
[0.727s] INFO:colcon.colcon_core.executor:Executing jobs using 'parallel' executor
[0.729s] DEBUG:colcon.colcon_parallel_executor.executor.parallel:run_until_complete
[0.730s] INFO:colcon.colcon_ros.task.ament_cmake.build:Building ROS package in '/mnt/c/Users/USER/Documents/wheelchair/wheelchair_ws/wheelchair_description' with build type 'ament_cmake'
[0.730s] INFO:colcon.colcon_cmake.task.cmake.build:Building CMake package in '/mnt/c/Users/USER/Documents/wheelchair/wheelchair_ws/wheelchair_description'
[0.733s] INFO:colcon.colcon_core.plugin_system:Skipping extension 'colcon_core.shell.bat': Not used on non-Windows systems
[0.734s] INFO:colcon.colcon_core.shell:Skip shell extension 'powershell' for command environment: Not usable outside of PowerShell
[0.735s] DEBUG:colcon.colcon_core.shell:Skip shell extension 'dsv' for command environment
[1.013s] DEBUG:colcon.colcon_core.event_handler.log_command:Invoking command in '/mnt/c/Users/USER/Documents/wheelchair/wheelchair_ws/build/wheelchair_description': CMAKE_PREFIX_PATH=${CMAKE_PREFIX_PATH}:/opt/ros/humble /usr/bin/cmake --build /mnt/c/Users/USER/Documents/wheelchair/wheelchair_ws/build/wheelchair_description -- -j12 -l12
[1.302s] DEBUG:colcon.colcon_core.event_handler.log_command:Invoked command in '/mnt/c/Users/USER/Documents/wheelchair/wheelchair_ws/build/wheelchair_description' returned '0': CMAKE_PREFIX_PATH=${CMAKE_PREFIX_PATH}:/opt/ros/humble /usr/bin/cmake --build /mnt/c/Users/USER/Documents/wheelchair/wheelchair_ws/build/wheelchair_description -- -j12 -l12
[1.420s] DEBUG:colcon.colcon_core.event_handler.log_command:Invoking command in '/mnt/c/Users/USER/Documents/wheelchair/wheelchair_ws/build/wheelchair_description': CMAKE_PREFIX_PATH=${CMAKE_PREFIX_PATH}:/opt/ros/humble /usr/bin/cmake --install /mnt/c/Users/USER/Documents/wheelchair/wheelchair_ws/build/wheelchair_description
[12.278s] Level 1:colcon.colcon_core.environment:create_environment_scripts_only(wheelchair_description)
[12.281s] Level 1:colcon.colcon_core.environment:checking '/mnt/c/Users/USER/Documents/wheelchair/wheelchair_ws/install/wheelchair_description' for CMake module files
[12.282s] DEBUG:colcon.colcon_core.event_handler.log_command:Invoked command in '/mnt/c/Users/USER/Documents/wheelchair/wheelchair_ws/build/wheelchair_description' returned '0': CMAKE_PREFIX_PATH=${CMAKE_PREFIX_PATH}:/opt/ros/humble /usr/bin/cmake --install /mnt/c/Users/USER/Documents/wheelchair/wheelchair_ws/build/wheelchair_description
[12.500s] Level 1:colcon.colcon_core.environment:checking '/mnt/c/Users/USER/Documents/wheelchair/wheelchair_ws/install/wheelchair_description' for CMake config files
[12.568s] Level 1:colcon.colcon_core.shell:create_environment_hook('wheelchair_description', 'cmake_prefix_path')
[12.568s] INFO:colcon.colcon_core.shell:Creating environment hook '/mnt/c/Users/USER/Documents/wheelchair/wheelchair_ws/install/wheelchair_description/share/wheelchair_description/hook/cmake_prefix_path.ps1'
[12.610s] INFO:colcon.colcon_core.shell:Creating environment descriptor '/mnt/c/Users/USER/Documents/wheelchair/wheelchair_ws/install/wheelchair_description/share/wheelchair_description/hook/cmake_prefix_path.dsv'
[12.710s] INFO:colcon.colcon_core.shell:Creating environment hook '/mnt/c/Users/USER/Documents/wheelchair/wheelchair_ws/install/wheelchair_description/share/wheelchair_description/hook/cmake_prefix_path.sh'
[12.808s] Level 1:colcon.colcon_core.environment:checking '/mnt/c/Users/USER/Documents/wheelchair/wheelchair_ws/install/wheelchair_description/bin'
[12.823s] Level 1:colcon.colcon_core.environment:checking '/mnt/c/Users/USER/Documents/wheelchair/wheelchair_ws/install/wheelchair_description/lib/pkgconfig/wheelchair_description.pc'
[12.830s] Level 1:colcon.colcon_core.environment:checking '/mnt/c/Users/USER/Documents/wheelchair/wheelchair_ws/install/wheelchair_description/lib/python3.10/site-packages'
[12.836s] Level 1:colcon.colcon_core.environment:checking '/mnt/c/Users/USER/Documents/wheelchair/wheelchair_ws/install/wheelchair_description/bin'
[12.842s] INFO:colcon.colcon_core.shell:Creating package script '/mnt/c/Users/USER/Documents/wheelchair/wheelchair_ws/install/wheelchair_description/share/wheelchair_description/package.ps1'
[12.935s] INFO:colcon.colcon_core.shell:Creating package descriptor '/mnt/c/Users/USER/Documents/wheelchair/wheelchair_ws/install/wheelchair_description/share/wheelchair_description/package.dsv'
[12.970s] INFO:colcon.colcon_core.shell:Creating package script '/mnt/c/Users/USER/Documents/wheelchair/wheelchair_ws/install/wheelchair_description/share/wheelchair_description/package.sh'
[13.060s] INFO:colcon.colcon_core.shell:Creating package script '/mnt/c/Users/USER/Documents/wheelchair/wheelchair_ws/install/wheelchair_description/share/wheelchair_description/package.bash'
[13.131s] INFO:colcon.colcon_core.shell:Creating package script '/mnt/c/Users/USER/Documents/wheelchair/wheelchair_ws/install/wheelchair_description/share/wheelchair_description/package.zsh'
[13.196s] Level 1:colcon.colcon_core.environment:create_file_with_runtime_dependencies(/mnt/c/Users/USER/Documents/wheelchair/wheelchair_ws/install/wheelchair_description/share/colcon-core/packages/wheelchair_description)
[13.313s] Level 1:colcon.colcon_core.environment:create_environment_scripts_only(wheelchair_description)
[13.314s] Level 1:colcon.colcon_core.environment:checking '/mnt/c/Users/USER/Documents/wheelchair/wheelchair_ws/install/wheelchair_description' for CMake module files
[13.418s] Level 1:colcon.colcon_core.environment:checking '/mnt/c/Users/USER/Documents/wheelchair/wheelchair_ws/install/wheelchair_description' for CMake config files
[13.480s] Level 1:colcon.colcon_core.shell:create_environment_hook('wheelchair_description', 'cmake_prefix_path')
[13.480s] INFO:colcon.colcon_core.shell:Creating environment hook '/mnt/c/Users/USER/Documents/wheelchair/wheelchair_ws/install/wheelchair_description/share/wheelchair_description/hook/cmake_prefix_path.ps1'
[13.489s] INFO:colcon.colcon_core.shell:Creating environment descriptor '/mnt/c/Users/USER/Documents/wheelchair/wheelchair_ws/install/wheelchair_description/share/wheelchair_description/hook/cmake_prefix_path.dsv'
[13.499s] INFO:colcon.colcon_core.shell:Creating environment hook '/mnt/c/Users/USER/Documents/wheelchair/wheelchair_ws/install/wheelchair_description/share/wheelchair_description/hook/cmake_prefix_path.sh'
[13.514s] Level 1:colcon.colcon_core.environment:checking '/mnt/c/Users/USER/Documents/wheelchair/wheelchair_ws/install/wheelchair_description/bin'
[13.515s] Level 1:colcon.colcon_core.environment:checking '/mnt/c/Users/USER/Documents/wheelchair/wheelchair_ws/install/wheelchair_description/lib/pkgconfig/wheelchair_description.pc'
[13.516s] Level 1:colcon.colcon_core.environment:checking '/mnt/c/Users/USER/Documents/wheelchair/wheelchair_ws/install/wheelchair_description/lib/python3.10/site-packages'
[13.517s] Level 1:colcon.colcon_core.environment:checking '/mnt/c/Users/USER/Documents/wheelchair/wheelchair_ws/install/wheelchair_description/bin'
[13.519s] INFO:colcon.colcon_core.shell:Creating package script '/mnt/c/Users/USER/Documents/wheelchair/wheelchair_ws/install/wheelchair_description/share/wheelchair_description/package.ps1'
[13.601s] INFO:colcon.colcon_core.shell:Creating package descriptor '/mnt/c/Users/USER/Documents/wheelchair/wheelchair_ws/install/wheelchair_description/share/wheelchair_description/package.dsv'
[13.715s] INFO:colcon.colcon_core.shell:Creating package script '/mnt/c/Users/USER/Documents/wheelchair/wheelchair_ws/install/wheelchair_description/share/wheelchair_description/package.sh'
[13.809s] INFO:colcon.colcon_core.shell:Creating package script '/mnt/c/Users/USER/Documents/wheelchair/wheelchair_ws/install/wheelchair_description/share/wheelchair_description/package.bash'
[13.878s] INFO:colcon.colcon_core.shell:Creating package script '/mnt/c/Users/USER/Documents/wheelchair/wheelchair_ws/install/wheelchair_description/share/wheelchair_description/package.zsh'
[13.963s] Level 1:colcon.colcon_core.environment:create_file_with_runtime_dependencies(/mnt/c/Users/USER/Documents/wheelchair/wheelchair_ws/install/wheelchair_description/share/colcon-core/packages/wheelchair_description)
[14.010s] DEBUG:colcon.colcon_parallel_executor.executor.parallel:closing loop
[14.011s] DEBUG:colcon.colcon_parallel_executor.executor.parallel:loop closed
[14.012s] DEBUG:colcon.colcon_parallel_executor.executor.parallel:run_until_complete finished with '0'
[14.013s] DEBUG:colcon.colcon_core.event_reactor:joining thread
[14.161s] INFO:colcon.colcon_core.plugin_system:Skipping extension 'colcon_notification.desktop_notification.notify_send': Could not find 'notify-send'
[14.161s] INFO:colcon.colcon_core.plugin_system:Skipping extension 'colcon_notification.desktop_notification.terminal_notifier': Not used on non-Darwin systems
[14.162s] INFO:colcon.colcon_core.plugin_system:Skipping extension 'colcon_notification.desktop_notification.win32': Not used on non-Windows systems
[14.162s] INFO:colcon.colcon_notification.desktop_notification:Sending desktop notification using 'notify2'
[14.163s] DEBUG:colcon.colcon_notification.desktop_notification.notify2:Failed to initialize notify2: org.freedesktop.DBus.Error.ServiceUnknown: The name org.freedesktop.Notifications was not provided by any .service files
[14.164s] DEBUG:colcon.colcon_core.event_reactor:joined thread
[14.164s] INFO:colcon.colcon_core.shell:Creating prefix script '/mnt/c/Users/USER/Documents/wheelchair/wheelchair_ws/install/local_setup.ps1'
[14.215s] INFO:colcon.colcon_core.shell:Creating prefix util module '/mnt/c/Users/USER/Documents/wheelchair/wheelchair_ws/install/_local_setup_util_ps1.py'
[14.286s] INFO:colcon.colcon_core.shell:Creating prefix chain script '/mnt/c/Users/USER/Documents/wheelchair/wheelchair_ws/install/setup.ps1'
[14.357s] INFO:colcon.colcon_core.shell:Creating prefix script '/mnt/c/Users/USER/Documents/wheelchair/wheelchair_ws/install/local_setup.sh'
[14.438s] INFO:colcon.colcon_core.shell:Creating prefix util module '/mnt/c/Users/USER/Documents/wheelchair/wheelchair_ws/install/_local_setup_util_sh.py'
[14.512s] INFO:colcon.colcon_core.shell:Creating prefix chain script '/mnt/c/Users/USER/Documents/wheelchair/wheelchair_ws/install/setup.sh'
[14.577s] INFO:colcon.colcon_core.shell:Creating prefix script '/mnt/c/Users/USER/Documents/wheelchair/wheelchair_ws/install/local_setup.bash'
[14.648s] INFO:colcon.colcon_core.shell:Creating prefix chain script '/mnt/c/Users/USER/Documents/wheelchair/wheelchair_ws/install/setup.bash'
[14.719s] INFO:colcon.colcon_core.shell:Creating prefix script '/mnt/c/Users/USER/Documents/wheelchair/wheelchair_ws/install/local_setup.zsh'
[14.783s] INFO:colcon.colcon_core.shell:Creating prefix chain script '/mnt/c/Users/USER/Documents/wheelchair/wheelchair_ws/install/setup.zsh'
