[0.098s] Invoking command in '/mnt/c/Users/USER/Documents/wheelchair/wheelchair_ws/build/wheelchair_description': CMAKE_PREFIX_PATH=/opt/ros/humble /usr/bin/cmake --build /mnt/c/Users/USER/Documents/wheelchair/wheelchair_ws/build/wheelchair_description -- -j12 -l12
[0.243s] Invoked command in '/mnt/c/Users/USER/Documents/wheelchair/wheelchair_ws/build/wheelchair_description' returned '0': CMAKE_PREFIX_PATH=/opt/ros/humble /usr/bin/cmake --build /mnt/c/Users/USER/Documents/wheelchair/wheelchair_ws/build/wheelchair_description -- -j12 -l12
[0.268s] Invoking command in '/mnt/c/Users/USER/Documents/wheelchair/wheelchair_ws/build/wheelchair_description': CMAKE_PREFIX_PATH=/opt/ros/humble /usr/bin/cmake --install /mnt/c/Users/USER/Documents/wheelchair/wheelchair_ws/build/wheelchair_description
[0.276s] -- Install configuration: ""
[0.295s] -- Execute custom install script
[0.620s] -- Up-to-date symlink: /mnt/c/Users/USER/Documents/wheelchair/wheelchair_ws/install/wheelchair_description/share/wheelchair_description//meshes/back_collision.stl
[0.641s] -- Up-to-date symlink: /mnt/c/Users/USER/Documents/wheelchair/wheelchair_ws/install/wheelchair_description/share/wheelchair_description//meshes/back_visual.mtl
[0.662s] -- Up-to-date symlink: /mnt/c/Users/USER/Documents/wheelchair/wheelchair_ws/install/wheelchair_description/share/wheelchair_description//meshes/back_visual.obj
[0.780s] -- Up-to-date symlink: /mnt/c/Users/USER/Documents/wheelchair/wheelchair_ws/install/wheelchair_description/share/wheelchair_description//meshes/back_visual.stl
[0.935s] -- Up-to-date symlink: /mnt/c/Users/USER/Documents/wheelchair/wheelchair_ws/install/wheelchair_description/share/wheelchair_description//meshes/base_link_collision.stl
[1.104s] -- Up-to-date symlink: /mnt/c/Users/USER/Documents/wheelchair/wheelchair_ws/install/wheelchair_description/share/wheelchair_description//meshes/base_link_visual.mtl
[1.289s] -- Up-to-date symlink: /mnt/c/Users/USER/Documents/wheelchair/wheelchair_ws/install/wheelchair_description/share/wheelchair_description//meshes/base_link_visual.obj
[1.464s] -- Up-to-date symlink: /mnt/c/Users/USER/Documents/wheelchair/wheelchair_ws/install/wheelchair_description/share/wheelchair_description//meshes/base_link_visual.stl
[1.629s] -- Up-to-date symlink: /mnt/c/Users/USER/Documents/wheelchair/wheelchair_ws/install/wheelchair_description/share/wheelchair_description//meshes/caster_left_collision.stl
[1.766s] -- Up-to-date symlink: /mnt/c/Users/USER/Documents/wheelchair/wheelchair_ws/install/wheelchair_description/share/wheelchair_description//meshes/caster_left_visual.mtl
[1.909s] -- Up-to-date symlink: /mnt/c/Users/USER/Documents/wheelchair/wheelchair_ws/install/wheelchair_description/share/wheelchair_description//meshes/caster_left_visual.obj
[1.969s] -- Up-to-date symlink: /mnt/c/Users/USER/Documents/wheelchair/wheelchair_ws/install/wheelchair_description/share/wheelchair_description//meshes/caster_left_visual.stl
[2.034s] -- Up-to-date symlink: /mnt/c/Users/USER/Documents/wheelchair/wheelchair_ws/install/wheelchair_description/share/wheelchair_description//meshes/caster_right_collision.stl
[2.054s] -- Up-to-date symlink: /mnt/c/Users/USER/Documents/wheelchair/wheelchair_ws/install/wheelchair_description/share/wheelchair_description//meshes/caster_right_visual.mtl
[2.072s] -- Up-to-date symlink: /mnt/c/Users/USER/Documents/wheelchair/wheelchair_ws/install/wheelchair_description/share/wheelchair_description//meshes/caster_right_visual.obj
[2.093s] -- Up-to-date symlink: /mnt/c/Users/USER/Documents/wheelchair/wheelchair_ws/install/wheelchair_description/share/wheelchair_description//meshes/caster_right_visual.stl
[2.129s] -- Up-to-date symlink: /mnt/c/Users/USER/Documents/wheelchair/wheelchair_ws/install/wheelchair_description/share/wheelchair_description//meshes/frame_collision.stl
[2.173s] -- Up-to-date symlink: /mnt/c/Users/USER/Documents/wheelchair/wheelchair_ws/install/wheelchair_description/share/wheelchair_description//meshes/frame_visual.mtl
[2.222s] -- Up-to-date symlink: /mnt/c/Users/USER/Documents/wheelchair/wheelchair_ws/install/wheelchair_description/share/wheelchair_description//meshes/frame_visual.obj
[2.243s] -- Up-to-date symlink: /mnt/c/Users/USER/Documents/wheelchair/wheelchair_ws/install/wheelchair_description/share/wheelchair_description//meshes/frame_visual.stl
[2.263s] -- Up-to-date symlink: /mnt/c/Users/USER/Documents/wheelchair/wheelchair_ws/install/wheelchair_description/share/wheelchair_description//meshes/left_armrest_collision.stl
[2.290s] -- Up-to-date symlink: /mnt/c/Users/USER/Documents/wheelchair/wheelchair_ws/install/wheelchair_description/share/wheelchair_description//meshes/left_armrest_visual.mtl
[2.337s] -- Up-to-date symlink: /mnt/c/Users/USER/Documents/wheelchair/wheelchair_ws/install/wheelchair_description/share/wheelchair_description//meshes/left_armrest_visual.obj
[2.383s] -- Up-to-date symlink: /mnt/c/Users/USER/Documents/wheelchair/wheelchair_ws/install/wheelchair_description/share/wheelchair_description//meshes/left_armrest_visual.stl
[2.413s] -- Up-to-date symlink: /mnt/c/Users/USER/Documents/wheelchair/wheelchair_ws/install/wheelchair_description/share/wheelchair_description//meshes/left_caster_collision.stl
[2.436s] -- Up-to-date symlink: /mnt/c/Users/USER/Documents/wheelchair/wheelchair_ws/install/wheelchair_description/share/wheelchair_description//meshes/left_caster_visual.stl
[2.499s] -- Up-to-date symlink: /mnt/c/Users/USER/Documents/wheelchair/wheelchair_ws/install/wheelchair_description/share/wheelchair_description//meshes/left_flap_collision.stl
[2.585s] -- Up-to-date symlink: /mnt/c/Users/USER/Documents/wheelchair/wheelchair_ws/install/wheelchair_description/share/wheelchair_description//meshes/left_flap_visual.mtl
[2.643s] -- Up-to-date symlink: /mnt/c/Users/USER/Documents/wheelchair/wheelchair_ws/install/wheelchair_description/share/wheelchair_description//meshes/left_flap_visual.obj
[2.662s] -- Up-to-date symlink: /mnt/c/Users/USER/Documents/wheelchair/wheelchair_ws/install/wheelchair_description/share/wheelchair_description//meshes/left_flap_visual.stl
[2.681s] -- Up-to-date symlink: /mnt/c/Users/USER/Documents/wheelchair/wheelchair_ws/install/wheelchair_description/share/wheelchair_description//meshes/left_handle_collision.stl
[2.701s] -- Up-to-date symlink: /mnt/c/Users/USER/Documents/wheelchair/wheelchair_ws/install/wheelchair_description/share/wheelchair_description//meshes/left_handle_visual.stl
[2.719s] -- Up-to-date symlink: /mnt/c/Users/USER/Documents/wheelchair/wheelchair_ws/install/wheelchair_description/share/wheelchair_description//meshes/left_panel_collision.stl
[2.740s] -- Up-to-date symlink: /mnt/c/Users/USER/Documents/wheelchair/wheelchair_ws/install/wheelchair_description/share/wheelchair_description//meshes/left_panel_visual.mtl
[2.769s] -- Up-to-date symlink: /mnt/c/Users/USER/Documents/wheelchair/wheelchair_ws/install/wheelchair_description/share/wheelchair_description//meshes/left_panel_visual.obj
[2.812s] -- Up-to-date symlink: /mnt/c/Users/USER/Documents/wheelchair/wheelchair_ws/install/wheelchair_description/share/wheelchair_description//meshes/left_panel_visual.stl
[2.841s] -- Up-to-date symlink: /mnt/c/Users/USER/Documents/wheelchair/wheelchair_ws/install/wheelchair_description/share/wheelchair_description//meshes/left_pedal_collision.stl
[2.859s] -- Up-to-date symlink: /mnt/c/Users/USER/Documents/wheelchair/wheelchair_ws/install/wheelchair_description/share/wheelchair_description//meshes/left_pedal_visual.stl
[2.877s] -- Up-to-date symlink: /mnt/c/Users/USER/Documents/wheelchair/wheelchair_ws/install/wheelchair_description/share/wheelchair_description//meshes/left_pin_collision.stl
[2.896s] -- Up-to-date symlink: /mnt/c/Users/USER/Documents/wheelchair/wheelchair_ws/install/wheelchair_description/share/wheelchair_description//meshes/left_pin_visual.mtl
[2.914s] -- Up-to-date symlink: /mnt/c/Users/USER/Documents/wheelchair/wheelchair_ws/install/wheelchair_description/share/wheelchair_description//meshes/left_pin_visual.obj
[2.934s] -- Up-to-date symlink: /mnt/c/Users/USER/Documents/wheelchair/wheelchair_ws/install/wheelchair_description/share/wheelchair_description//meshes/left_pin_visual.stl
[2.951s] -- Up-to-date symlink: /mnt/c/Users/USER/Documents/wheelchair/wheelchair_ws/install/wheelchair_description/share/wheelchair_description//meshes/leftbackwheel_collision.stl
[2.972s] -- Up-to-date symlink: /mnt/c/Users/USER/Documents/wheelchair/wheelchair_ws/install/wheelchair_description/share/wheelchair_description//meshes/leftbackwheel_visual.mtl
[3.001s] -- Up-to-date symlink: /mnt/c/Users/USER/Documents/wheelchair/wheelchair_ws/install/wheelchair_description/share/wheelchair_description//meshes/leftbackwheel_visual.obj
[3.030s] -- Up-to-date symlink: /mnt/c/Users/USER/Documents/wheelchair/wheelchair_ws/install/wheelchair_description/share/wheelchair_description//meshes/leftbackwheel_visual.stl
[3.046s] -- Up-to-date symlink: /mnt/c/Users/USER/Documents/wheelchair/wheelchair_ws/install/wheelchair_description/share/wheelchair_description//meshes/leftfrontwheel_collision.stl
[3.066s] -- Up-to-date symlink: /mnt/c/Users/USER/Documents/wheelchair/wheelchair_ws/install/wheelchair_description/share/wheelchair_description//meshes/leftfrontwheel_visual.mtl
[3.086s] -- Up-to-date symlink: /mnt/c/Users/USER/Documents/wheelchair/wheelchair_ws/install/wheelchair_description/share/wheelchair_description//meshes/leftfrontwheel_visual.obj
[3.105s] -- Up-to-date symlink: /mnt/c/Users/USER/Documents/wheelchair/wheelchair_ws/install/wheelchair_description/share/wheelchair_description//meshes/leftfrontwheel_visual.stl
[3.130s] -- Up-to-date symlink: /mnt/c/Users/USER/Documents/wheelchair/wheelchair_ws/install/wheelchair_description/share/wheelchair_description//meshes/right_armrest_collision.stl
[3.148s] -- Up-to-date symlink: /mnt/c/Users/USER/Documents/wheelchair/wheelchair_ws/install/wheelchair_description/share/wheelchair_description//meshes/right_armrest_visual.mtl
[3.167s] -- Up-to-date symlink: /mnt/c/Users/USER/Documents/wheelchair/wheelchair_ws/install/wheelchair_description/share/wheelchair_description//meshes/right_armrest_visual.obj
[3.185s] -- Up-to-date symlink: /mnt/c/Users/USER/Documents/wheelchair/wheelchair_ws/install/wheelchair_description/share/wheelchair_description//meshes/right_armrest_visual.stl
[3.211s] -- Up-to-date symlink: /mnt/c/Users/USER/Documents/wheelchair/wheelchair_ws/install/wheelchair_description/share/wheelchair_description//meshes/right_caster_collision.stl
[3.289s] -- Up-to-date symlink: /mnt/c/Users/USER/Documents/wheelchair/wheelchair_ws/install/wheelchair_description/share/wheelchair_description//meshes/right_caster_visual.stl
[3.400s] -- Up-to-date symlink: /mnt/c/Users/USER/Documents/wheelchair/wheelchair_ws/install/wheelchair_description/share/wheelchair_description//meshes/right_flap_collision.stl
[3.517s] -- Up-to-date symlink: /mnt/c/Users/USER/Documents/wheelchair/wheelchair_ws/install/wheelchair_description/share/wheelchair_description//meshes/right_flap_visual.mtl
[3.584s] -- Up-to-date symlink: /mnt/c/Users/USER/Documents/wheelchair/wheelchair_ws/install/wheelchair_description/share/wheelchair_description//meshes/right_flap_visual.obj
[3.702s] -- Up-to-date symlink: /mnt/c/Users/USER/Documents/wheelchair/wheelchair_ws/install/wheelchair_description/share/wheelchair_description//meshes/right_flap_visual.stl
[3.787s] -- Up-to-date symlink: /mnt/c/Users/USER/Documents/wheelchair/wheelchair_ws/install/wheelchair_description/share/wheelchair_description//meshes/right_handle_collision.stl
[3.899s] -- Up-to-date symlink: /mnt/c/Users/USER/Documents/wheelchair/wheelchair_ws/install/wheelchair_description/share/wheelchair_description//meshes/right_handle_visual.stl
[3.966s] -- Up-to-date symlink: /mnt/c/Users/USER/Documents/wheelchair/wheelchair_ws/install/wheelchair_description/share/wheelchair_description//meshes/right_panel_collision.stl
[3.998s] -- Up-to-date symlink: /mnt/c/Users/USER/Documents/wheelchair/wheelchair_ws/install/wheelchair_description/share/wheelchair_description//meshes/right_panel_visual.mtl
[4.049s] -- Up-to-date symlink: /mnt/c/Users/USER/Documents/wheelchair/wheelchair_ws/install/wheelchair_description/share/wheelchair_description//meshes/right_panel_visual.obj
[4.110s] -- Up-to-date symlink: /mnt/c/Users/USER/Documents/wheelchair/wheelchair_ws/install/wheelchair_description/share/wheelchair_description//meshes/right_panel_visual.stl
[4.193s] -- Up-to-date symlink: /mnt/c/Users/USER/Documents/wheelchair/wheelchair_ws/install/wheelchair_description/share/wheelchair_description//meshes/right_pedal_collision.stl
[4.252s] -- Up-to-date symlink: /mnt/c/Users/USER/Documents/wheelchair/wheelchair_ws/install/wheelchair_description/share/wheelchair_description//meshes/right_pedal_visual.stl
[4.320s] -- Up-to-date symlink: /mnt/c/Users/USER/Documents/wheelchair/wheelchair_ws/install/wheelchair_description/share/wheelchair_description//meshes/right_pin_collision.stl
[4.394s] -- Up-to-date symlink: /mnt/c/Users/USER/Documents/wheelchair/wheelchair_ws/install/wheelchair_description/share/wheelchair_description//meshes/right_pin_visual.mtl
[4.476s] -- Up-to-date symlink: /mnt/c/Users/USER/Documents/wheelchair/wheelchair_ws/install/wheelchair_description/share/wheelchair_description//meshes/right_pin_visual.obj
[4.539s] -- Up-to-date symlink: /mnt/c/Users/USER/Documents/wheelchair/wheelchair_ws/install/wheelchair_description/share/wheelchair_description//meshes/right_pin_visual.stl
[4.607s] -- Up-to-date symlink: /mnt/c/Users/USER/Documents/wheelchair/wheelchair_ws/install/wheelchair_description/share/wheelchair_description//meshes/rightbackwheel_collision.stl
[4.740s] -- Up-to-date symlink: /mnt/c/Users/USER/Documents/wheelchair/wheelchair_ws/install/wheelchair_description/share/wheelchair_description//meshes/rightbackwheel_visual.mtl
[4.800s] -- Up-to-date symlink: /mnt/c/Users/USER/Documents/wheelchair/wheelchair_ws/install/wheelchair_description/share/wheelchair_description//meshes/rightbackwheel_visual.obj
[4.856s] -- Up-to-date symlink: /mnt/c/Users/USER/Documents/wheelchair/wheelchair_ws/install/wheelchair_description/share/wheelchair_description//meshes/rightbackwheel_visual.stl
[4.921s] -- Up-to-date symlink: /mnt/c/Users/USER/Documents/wheelchair/wheelchair_ws/install/wheelchair_description/share/wheelchair_description//meshes/rightfrontwheel_collision.stl
[4.976s] -- Up-to-date symlink: /mnt/c/Users/USER/Documents/wheelchair/wheelchair_ws/install/wheelchair_description/share/wheelchair_description//meshes/rightfrontwheel_visual.mtl
[5.085s] -- Up-to-date symlink: /mnt/c/Users/USER/Documents/wheelchair/wheelchair_ws/install/wheelchair_description/share/wheelchair_description//meshes/rightfrontwheel_visual.obj
[5.216s] -- Up-to-date symlink: /mnt/c/Users/USER/Documents/wheelchair/wheelchair_ws/install/wheelchair_description/share/wheelchair_description//meshes/rightfrontwheel_visual.stl
[5.352s] -- Up-to-date symlink: /mnt/c/Users/USER/Documents/wheelchair/wheelchair_ws/install/wheelchair_description/share/wheelchair_description//meshes/seat_collision.stl
[5.446s] -- Up-to-date symlink: /mnt/c/Users/USER/Documents/wheelchair/wheelchair_ws/install/wheelchair_description/share/wheelchair_description//meshes/seat_visual.mtl
[5.522s] -- Up-to-date symlink: /mnt/c/Users/USER/Documents/wheelchair/wheelchair_ws/install/wheelchair_description/share/wheelchair_description//meshes/seat_visual.obj
[5.579s] -- Up-to-date symlink: /mnt/c/Users/USER/Documents/wheelchair/wheelchair_ws/install/wheelchair_description/share/wheelchair_description//meshes/seat_visual.stl
[5.652s] -- Up-to-date symlink: /mnt/c/Users/USER/Documents/wheelchair/wheelchair_ws/install/wheelchair_description/share/wheelchair_description//urdf/wheelchairtest.gazebo
[5.746s] -- Up-to-date symlink: /mnt/c/Users/USER/Documents/wheelchair/wheelchair_ws/install/wheelchair_description/share/wheelchair_description//urdf/wheelchairtest.urdf
[5.828s] -- Up-to-date symlink: /mnt/c/Users/USER/Documents/wheelchair/wheelchair_ws/install/wheelchair_description/share/wheelchair_description//urdf/wheelchairtest.xacro
[5.925s] -- Up-to-date symlink: /mnt/c/Users/USER/Documents/wheelchair/wheelchair_ws/install/wheelchair_description/share/wheelchair_description//launch/wheelchair_gazebo.launch.py
[6.050s] -- Up-to-date symlink: /mnt/c/Users/USER/Documents/wheelchair/wheelchair_ws/install/wheelchair_description/share/ament_index/resource_index/package_run_dependencies/wheelchair_description
[6.120s] -- Up-to-date symlink: /mnt/c/Users/USER/Documents/wheelchair/wheelchair_ws/install/wheelchair_description/share/ament_index/resource_index/parent_prefix_path/wheelchair_description
[6.169s] -- Up-to-date symlink: /mnt/c/Users/USER/Documents/wheelchair/wheelchair_ws/install/wheelchair_description/share/wheelchair_description/environment/ament_prefix_path.sh
[6.276s] -- Up-to-date symlink: /mnt/c/Users/USER/Documents/wheelchair/wheelchair_ws/install/wheelchair_description/share/wheelchair_description/environment/ament_prefix_path.dsv
[6.376s] -- Up-to-date symlink: /mnt/c/Users/USER/Documents/wheelchair/wheelchair_ws/install/wheelchair_description/share/wheelchair_description/environment/path.sh
[6.506s] -- Up-to-date symlink: /mnt/c/Users/USER/Documents/wheelchair/wheelchair_ws/install/wheelchair_description/share/wheelchair_description/environment/path.dsv
[6.545s] -- Up-to-date symlink: /mnt/c/Users/USER/Documents/wheelchair/wheelchair_ws/install/wheelchair_description/share/wheelchair_description/local_setup.bash
[6.625s] -- Up-to-date symlink: /mnt/c/Users/USER/Documents/wheelchair/wheelchair_ws/install/wheelchair_description/share/wheelchair_description/local_setup.sh
[6.713s] -- Up-to-date symlink: /mnt/c/Users/USER/Documents/wheelchair/wheelchair_ws/install/wheelchair_description/share/wheelchair_description/local_setup.zsh
[6.821s] -- Up-to-date symlink: /mnt/c/Users/USER/Documents/wheelchair/wheelchair_ws/install/wheelchair_description/share/wheelchair_description/local_setup.dsv
[6.883s] -- Symlinking: /mnt/c/Users/USER/Documents/wheelchair/wheelchair_ws/install/wheelchair_description/share/wheelchair_description/package.dsv
[7.085s] -- Up-to-date symlink: /mnt/c/Users/USER/Documents/wheelchair/wheelchair_ws/install/wheelchair_description/share/ament_index/resource_index/packages/wheelchair_description
[7.137s] -- Up-to-date symlink: /mnt/c/Users/USER/Documents/wheelchair/wheelchair_ws/install/wheelchair_description/share/wheelchair_description/cmake/wheelchair_descriptionConfig.cmake
[7.197s] -- Up-to-date symlink: /mnt/c/Users/USER/Documents/wheelchair/wheelchair_ws/install/wheelchair_description/share/wheelchair_description/cmake/wheelchair_descriptionConfig-version.cmake
[7.282s] -- Up-to-date symlink: /mnt/c/Users/USER/Documents/wheelchair/wheelchair_ws/install/wheelchair_description/share/wheelchair_description/package.xml
[7.297s] Invoked command in '/mnt/c/Users/USER/Documents/wheelchair/wheelchair_ws/build/wheelchair_description' returned '0': CMAKE_PREFIX_PATH=/opt/ros/humble /usr/bin/cmake --install /mnt/c/Users/USER/Documents/wheelchair/wheelchair_ws/build/wheelchair_description
