[0.198s] DEBUG:colcon:Command line arguments: ['/usr/bin/colcon', 'build', '--symlink-install']
[0.198s] DEBUG:colcon:Parsed command line arguments: Namespace(log_base=None, log_level=None, verb_name='build', build_base='build', install_base='install', merge_install=False, symlink_install=True, test_result_base=None, continue_on_error=False, executor='parallel', parallel_workers=12, event_handlers=None, ignore_user_meta=False, metas=['./colcon.meta'], base_paths=['.'], packages_ignore=None, packages_ignore_regex=None, paths=None, packages_up_to=None, packages_up_to_regex=None, packages_above=None, packages_above_and_dependencies=None, packages_above_depth=None, packages_select_by_dep=None, packages_skip_by_dep=None, packages_skip_up_to=None, packages_select_build_failed=False, packages_skip_build_finished=False, packages_select_test_failures=False, packages_skip_test_passed=False, packages_select=None, packages_skip=None, packages_select_regex=None, packages_skip_regex=None, packages_start=None, packages_end=None, allow_overriding=[], cmake_args=None, cmake_target=None, cmake_target_skip_unavailable=False, cmake_clean_cache=False, cmake_clean_first=False, cmake_force_configure=False, ament_cmake_args=None, catkin_cmake_args=None, catkin_skip_building_tests=False, verb_parser=<colcon_defaults.argument_parser.defaults.DefaultArgumentsDecorator object at 0x73a474d1d930>, verb_extension=<colcon_core.verb.build.BuildVerb object at 0x73a474eda020>, main=<bound method BuildVerb.main of <colcon_core.verb.build.BuildVerb object at 0x73a474eda020>>)
[0.264s] Level 1:colcon.colcon_core.package_discovery:discover_packages(colcon_meta) check parameters
[0.264s] Level 1:colcon.colcon_core.package_discovery:discover_packages(recursive) check parameters
[0.264s] Level 1:colcon.colcon_core.package_discovery:discover_packages(ignore) check parameters
[0.264s] Level 1:colcon.colcon_core.package_discovery:discover_packages(path) check parameters
[0.265s] Level 1:colcon.colcon_core.package_discovery:discover_packages(colcon_meta) discover
[0.265s] Level 1:colcon.colcon_core.package_discovery:discover_packages(recursive) discover
[0.265s] INFO:colcon.colcon_core.package_discovery:Crawling recursively for packages in '/mnt/c/Users/USER/Documents/wheelchair/wheelchair_ws'
[0.266s] Level 1:colcon.colcon_core.package_identification:_identify(.) by extensions ['ignore', 'ignore_ament_install']
[0.266s] Level 1:colcon.colcon_core.package_identification:_identify(.) by extension 'ignore'
[0.267s] Level 1:colcon.colcon_core.package_identification:_identify(.) by extension 'ignore_ament_install'
[0.267s] Level 1:colcon.colcon_core.package_identification:_identify(.) by extensions ['colcon_pkg']
[0.268s] Level 1:colcon.colcon_core.package_identification:_identify(.) by extension 'colcon_pkg'
[0.268s] Level 1:colcon.colcon_core.package_identification:_identify(.) by extensions ['colcon_meta']
[0.268s] Level 1:colcon.colcon_core.package_identification:_identify(.) by extension 'colcon_meta'
[0.268s] Level 1:colcon.colcon_core.package_identification:_identify(.) by extensions ['ros']
[0.268s] Level 1:colcon.colcon_core.package_identification:_identify(.) by extension 'ros'
[0.280s] Level 1:colcon.colcon_core.package_identification:_identify(.) by extensions ['cmake', 'python']
[0.280s] Level 1:colcon.colcon_core.package_identification:_identify(.) by extension 'cmake'
[0.281s] Level 1:colcon.colcon_core.package_identification:_identify(.) by extension 'python'
[0.281s] Level 1:colcon.colcon_core.package_identification:_identify(.) by extensions ['python_setup_py']
[0.281s] Level 1:colcon.colcon_core.package_identification:_identify(.) by extension 'python_setup_py'
[0.284s] Level 1:colcon.colcon_core.package_identification:_identify(build) by extensions ['ignore', 'ignore_ament_install']
[0.284s] Level 1:colcon.colcon_core.package_identification:_identify(build) by extension 'ignore'
[0.285s] Level 1:colcon.colcon_core.package_identification:_identify(build) ignored
[0.288s] Level 1:colcon.colcon_core.package_identification:_identify(install) by extensions ['ignore', 'ignore_ament_install']
[0.288s] Level 1:colcon.colcon_core.package_identification:_identify(install) by extension 'ignore'
[0.290s] Level 1:colcon.colcon_core.package_identification:_identify(install) ignored
[0.293s] Level 1:colcon.colcon_core.package_identification:_identify(log) by extensions ['ignore', 'ignore_ament_install']
[0.293s] Level 1:colcon.colcon_core.package_identification:_identify(log) by extension 'ignore'
[0.294s] Level 1:colcon.colcon_core.package_identification:_identify(log) ignored
[0.296s] Level 1:colcon.colcon_core.package_identification:_identify(wheelchair_description) by extensions ['ignore', 'ignore_ament_install']
[0.296s] Level 1:colcon.colcon_core.package_identification:_identify(wheelchair_description) by extension 'ignore'
[0.296s] Level 1:colcon.colcon_core.package_identification:_identify(wheelchair_description) by extension 'ignore_ament_install'
[0.297s] Level 1:colcon.colcon_core.package_identification:_identify(wheelchair_description) by extensions ['colcon_pkg']
[0.298s] Level 1:colcon.colcon_core.package_identification:_identify(wheelchair_description) by extension 'colcon_pkg'
[0.298s] Level 1:colcon.colcon_core.package_identification:_identify(wheelchair_description) by extensions ['colcon_meta']
[0.298s] Level 1:colcon.colcon_core.package_identification:_identify(wheelchair_description) by extension 'colcon_meta'
[0.299s] Level 1:colcon.colcon_core.package_identification:_identify(wheelchair_description) by extensions ['ros']
[0.299s] Level 1:colcon.colcon_core.package_identification:_identify(wheelchair_description) by extension 'ros'
[0.309s] DEBUG:colcon.colcon_core.package_identification:Package 'wheelchair_description' with type 'ros.ament_cmake' and name 'wheelchair_description'
[0.309s] Level 1:colcon.colcon_core.package_discovery:discover_packages(recursive) using defaults
[0.309s] Level 1:colcon.colcon_core.package_discovery:discover_packages(ignore) discover
[0.309s] Level 1:colcon.colcon_core.package_discovery:discover_packages(ignore) using defaults
[0.309s] Level 1:colcon.colcon_core.package_discovery:discover_packages(path) discover
[0.310s] Level 1:colcon.colcon_core.package_discovery:discover_packages(path) using defaults
[0.329s] Level 1:colcon.colcon_core.package_discovery:discover_packages(prefix_path) check parameters
[0.330s] Level 1:colcon.colcon_core.package_discovery:discover_packages(prefix_path) discover
[0.333s] DEBUG:colcon.colcon_installed_package_information.package_discovery:Found 343 installed packages in /opt/ros/humble
[0.334s] Level 1:colcon.colcon_core.package_discovery:discover_packages(prefix_path) using defaults
[0.360s] Level 5:colcon.colcon_core.verb:set package 'wheelchair_description' build argument 'cmake_args' from command line to 'None'
[0.360s] Level 5:colcon.colcon_core.verb:set package 'wheelchair_description' build argument 'cmake_target' from command line to 'None'
[0.360s] Level 5:colcon.colcon_core.verb:set package 'wheelchair_description' build argument 'cmake_target_skip_unavailable' from command line to 'False'
[0.360s] Level 5:colcon.colcon_core.verb:set package 'wheelchair_description' build argument 'cmake_clean_cache' from command line to 'False'
[0.361s] Level 5:colcon.colcon_core.verb:set package 'wheelchair_description' build argument 'cmake_clean_first' from command line to 'False'
[0.361s] Level 5:colcon.colcon_core.verb:set package 'wheelchair_description' build argument 'cmake_force_configure' from command line to 'False'
[0.361s] Level 5:colcon.colcon_core.verb:set package 'wheelchair_description' build argument 'ament_cmake_args' from command line to 'None'
[0.361s] Level 5:colcon.colcon_core.verb:set package 'wheelchair_description' build argument 'catkin_cmake_args' from command line to 'None'
[0.361s] Level 5:colcon.colcon_core.verb:set package 'wheelchair_description' build argument 'catkin_skip_building_tests' from command line to 'False'
[0.361s] DEBUG:colcon.colcon_core.verb:Building package 'wheelchair_description' with the following arguments: {'ament_cmake_args': None, 'build_base': '/mnt/c/Users/USER/Documents/wheelchair/wheelchair_ws/build/wheelchair_description', 'catkin_cmake_args': None, 'catkin_skip_building_tests': False, 'cmake_args': None, 'cmake_clean_cache': False, 'cmake_clean_first': False, 'cmake_force_configure': False, 'cmake_target': None, 'cmake_target_skip_unavailable': False, 'install_base': '/mnt/c/Users/USER/Documents/wheelchair/wheelchair_ws/install/wheelchair_description', 'merge_install': False, 'path': '/mnt/c/Users/USER/Documents/wheelchair/wheelchair_ws/wheelchair_description', 'symlink_install': True, 'test_result_base': None}
[0.362s] INFO:colcon.colcon_core.executor:Executing jobs using 'parallel' executor
[0.363s] DEBUG:colcon.colcon_parallel_executor.executor.parallel:run_until_complete
[0.379s] INFO:colcon.colcon_ros.task.ament_cmake.build:Building ROS package in '/mnt/c/Users/USER/Documents/wheelchair/wheelchair_ws/wheelchair_description' with build type 'ament_cmake'
[0.381s] INFO:colcon.colcon_cmake.task.cmake.build:Building CMake package in '/mnt/c/Users/USER/Documents/wheelchair/wheelchair_ws/wheelchair_description'
[0.390s] INFO:colcon.colcon_core.plugin_system:Skipping extension 'colcon_core.shell.bat': Not used on non-Windows systems
[0.390s] INFO:colcon.colcon_core.shell:Skip shell extension 'powershell' for command environment: Not usable outside of PowerShell
[0.391s] DEBUG:colcon.colcon_core.shell:Skip shell extension 'dsv' for command environment
[0.481s] DEBUG:colcon.colcon_core.event_handler.log_command:Invoking command in '/mnt/c/Users/USER/Documents/wheelchair/wheelchair_ws/build/wheelchair_description': CMAKE_PREFIX_PATH=/opt/ros/humble /usr/bin/cmake --build /mnt/c/Users/USER/Documents/wheelchair/wheelchair_ws/build/wheelchair_description -- -j12 -l12
[0.626s] DEBUG:colcon.colcon_core.event_handler.log_command:Invoked command in '/mnt/c/Users/USER/Documents/wheelchair/wheelchair_ws/build/wheelchair_description' returned '0': CMAKE_PREFIX_PATH=/opt/ros/humble /usr/bin/cmake --build /mnt/c/Users/USER/Documents/wheelchair/wheelchair_ws/build/wheelchair_description -- -j12 -l12
[0.652s] DEBUG:colcon.colcon_core.event_handler.log_command:Invoking command in '/mnt/c/Users/USER/Documents/wheelchair/wheelchair_ws/build/wheelchair_description': CMAKE_PREFIX_PATH=/opt/ros/humble /usr/bin/cmake --install /mnt/c/Users/USER/Documents/wheelchair/wheelchair_ws/build/wheelchair_description
[8.923s] Level 1:colcon.colcon_core.environment:create_environment_scripts_only(wheelchair_description)
[8.925s] DEBUG:colcon.colcon_core.event_handler.log_command:Invoked command in '/mnt/c/Users/USER/Documents/wheelchair/wheelchair_ws/build/wheelchair_description' returned '0': CMAKE_PREFIX_PATH=/opt/ros/humble /usr/bin/cmake --install /mnt/c/Users/USER/Documents/wheelchair/wheelchair_ws/build/wheelchair_description
[8.943s] Level 1:colcon.colcon_core.environment:checking '/mnt/c/Users/USER/Documents/wheelchair/wheelchair_ws/install/wheelchair_description' for CMake module files
[9.093s] Level 1:colcon.colcon_core.environment:checking '/mnt/c/Users/USER/Documents/wheelchair/wheelchair_ws/install/wheelchair_description' for CMake config files
[9.157s] Level 1:colcon.colcon_core.shell:create_environment_hook('wheelchair_description', 'cmake_prefix_path')
[9.157s] INFO:colcon.colcon_core.shell:Creating environment hook '/mnt/c/Users/USER/Documents/wheelchair/wheelchair_ws/install/wheelchair_description/share/wheelchair_description/hook/cmake_prefix_path.ps1'
[9.177s] INFO:colcon.colcon_core.shell:Creating environment descriptor '/mnt/c/Users/USER/Documents/wheelchair/wheelchair_ws/install/wheelchair_description/share/wheelchair_description/hook/cmake_prefix_path.dsv'
[9.190s] INFO:colcon.colcon_core.shell:Creating environment hook '/mnt/c/Users/USER/Documents/wheelchair/wheelchair_ws/install/wheelchair_description/share/wheelchair_description/hook/cmake_prefix_path.sh'
[9.212s] Level 1:colcon.colcon_core.environment:checking '/mnt/c/Users/USER/Documents/wheelchair/wheelchair_ws/install/wheelchair_description/bin'
[9.215s] Level 1:colcon.colcon_core.environment:checking '/mnt/c/Users/USER/Documents/wheelchair/wheelchair_ws/install/wheelchair_description/lib/pkgconfig/wheelchair_description.pc'
[9.218s] Level 1:colcon.colcon_core.environment:checking '/mnt/c/Users/USER/Documents/wheelchair/wheelchair_ws/install/wheelchair_description/lib/python3.10/site-packages'
[9.222s] Level 1:colcon.colcon_core.environment:checking '/mnt/c/Users/USER/Documents/wheelchair/wheelchair_ws/install/wheelchair_description/bin'
[9.225s] INFO:colcon.colcon_core.shell:Creating package script '/mnt/c/Users/USER/Documents/wheelchair/wheelchair_ws/install/wheelchair_description/share/wheelchair_description/package.ps1'
[9.262s] INFO:colcon.colcon_core.shell:Creating package descriptor '/mnt/c/Users/USER/Documents/wheelchair/wheelchair_ws/install/wheelchair_description/share/wheelchair_description/package.dsv'
[9.306s] INFO:colcon.colcon_core.shell:Creating package script '/mnt/c/Users/USER/Documents/wheelchair/wheelchair_ws/install/wheelchair_description/share/wheelchair_description/package.sh'
[9.325s] INFO:colcon.colcon_core.shell:Creating package script '/mnt/c/Users/USER/Documents/wheelchair/wheelchair_ws/install/wheelchair_description/share/wheelchair_description/package.bash'
[9.336s] INFO:colcon.colcon_core.shell:Creating package script '/mnt/c/Users/USER/Documents/wheelchair/wheelchair_ws/install/wheelchair_description/share/wheelchair_description/package.zsh'
[9.349s] Level 1:colcon.colcon_core.environment:create_file_with_runtime_dependencies(/mnt/c/Users/USER/Documents/wheelchair/wheelchair_ws/install/wheelchair_description/share/colcon-core/packages/wheelchair_description)
[9.502s] Level 1:colcon.colcon_core.environment:create_environment_scripts_only(wheelchair_description)
[9.504s] Level 1:colcon.colcon_core.environment:checking '/mnt/c/Users/USER/Documents/wheelchair/wheelchair_ws/install/wheelchair_description' for CMake module files
[9.946s] Level 1:colcon.colcon_core.environment:checking '/mnt/c/Users/USER/Documents/wheelchair/wheelchair_ws/install/wheelchair_description' for CMake config files
[10.347s] Level 1:colcon.colcon_core.shell:create_environment_hook('wheelchair_description', 'cmake_prefix_path')
[10.348s] INFO:colcon.colcon_core.shell:Creating environment hook '/mnt/c/Users/USER/Documents/wheelchair/wheelchair_ws/install/wheelchair_description/share/wheelchair_description/hook/cmake_prefix_path.ps1'
[10.404s] INFO:colcon.colcon_core.shell:Creating environment descriptor '/mnt/c/Users/USER/Documents/wheelchair/wheelchair_ws/install/wheelchair_description/share/wheelchair_description/hook/cmake_prefix_path.dsv'
[10.458s] INFO:colcon.colcon_core.shell:Creating environment hook '/mnt/c/Users/USER/Documents/wheelchair/wheelchair_ws/install/wheelchair_description/share/wheelchair_description/hook/cmake_prefix_path.sh'
[10.535s] Level 1:colcon.colcon_core.environment:checking '/mnt/c/Users/USER/Documents/wheelchair/wheelchair_ws/install/wheelchair_description/bin'
[10.541s] Level 1:colcon.colcon_core.environment:checking '/mnt/c/Users/USER/Documents/wheelchair/wheelchair_ws/install/wheelchair_description/lib/pkgconfig/wheelchair_description.pc'
[10.547s] Level 1:colcon.colcon_core.environment:checking '/mnt/c/Users/USER/Documents/wheelchair/wheelchair_ws/install/wheelchair_description/lib/python3.10/site-packages'
[10.553s] Level 1:colcon.colcon_core.environment:checking '/mnt/c/Users/USER/Documents/wheelchair/wheelchair_ws/install/wheelchair_description/bin'
[10.558s] INFO:colcon.colcon_core.shell:Creating package script '/mnt/c/Users/USER/Documents/wheelchair/wheelchair_ws/install/wheelchair_description/share/wheelchair_description/package.ps1'
[10.596s] INFO:colcon.colcon_core.shell:Creating package descriptor '/mnt/c/Users/USER/Documents/wheelchair/wheelchair_ws/install/wheelchair_description/share/wheelchair_description/package.dsv'
[10.629s] INFO:colcon.colcon_core.shell:Creating package script '/mnt/c/Users/USER/Documents/wheelchair/wheelchair_ws/install/wheelchair_description/share/wheelchair_description/package.sh'
[10.653s] INFO:colcon.colcon_core.shell:Creating package script '/mnt/c/Users/USER/Documents/wheelchair/wheelchair_ws/install/wheelchair_description/share/wheelchair_description/package.bash'
[10.730s] INFO:colcon.colcon_core.shell:Creating package script '/mnt/c/Users/USER/Documents/wheelchair/wheelchair_ws/install/wheelchair_description/share/wheelchair_description/package.zsh'
[10.781s] Level 1:colcon.colcon_core.environment:create_file_with_runtime_dependencies(/mnt/c/Users/USER/Documents/wheelchair/wheelchair_ws/install/wheelchair_description/share/colcon-core/packages/wheelchair_description)
[10.813s] DEBUG:colcon.colcon_parallel_executor.executor.parallel:closing loop
[10.814s] DEBUG:colcon.colcon_parallel_executor.executor.parallel:loop closed
[10.814s] DEBUG:colcon.colcon_parallel_executor.executor.parallel:run_until_complete finished with '0'
[10.815s] DEBUG:colcon.colcon_core.event_reactor:joining thread
[11.074s] INFO:colcon.colcon_core.plugin_system:Skipping extension 'colcon_notification.desktop_notification.notify_send': Could not find 'notify-send'
[11.075s] INFO:colcon.colcon_core.plugin_system:Skipping extension 'colcon_notification.desktop_notification.terminal_notifier': Not used on non-Darwin systems
[11.076s] INFO:colcon.colcon_core.plugin_system:Skipping extension 'colcon_notification.desktop_notification.win32': Not used on non-Windows systems
[11.077s] INFO:colcon.colcon_notification.desktop_notification:Sending desktop notification using 'notify2'
[11.081s] DEBUG:colcon.colcon_notification.desktop_notification.notify2:Failed to initialize notify2: org.freedesktop.DBus.Error.ServiceUnknown: The name org.freedesktop.Notifications was not provided by any .service files
[11.082s] DEBUG:colcon.colcon_core.event_reactor:joined thread
[11.083s] INFO:colcon.colcon_core.shell:Creating prefix script '/mnt/c/Users/USER/Documents/wheelchair/wheelchair_ws/install/local_setup.ps1'
[11.117s] INFO:colcon.colcon_core.shell:Creating prefix util module '/mnt/c/Users/USER/Documents/wheelchair/wheelchair_ws/install/_local_setup_util_ps1.py'
[11.139s] INFO:colcon.colcon_core.shell:Creating prefix chain script '/mnt/c/Users/USER/Documents/wheelchair/wheelchair_ws/install/setup.ps1'
[11.167s] INFO:colcon.colcon_core.shell:Creating prefix script '/mnt/c/Users/USER/Documents/wheelchair/wheelchair_ws/install/local_setup.sh'
[11.219s] INFO:colcon.colcon_core.shell:Creating prefix util module '/mnt/c/Users/USER/Documents/wheelchair/wheelchair_ws/install/_local_setup_util_sh.py'
[11.238s] INFO:colcon.colcon_core.shell:Creating prefix chain script '/mnt/c/Users/USER/Documents/wheelchair/wheelchair_ws/install/setup.sh'
[11.290s] INFO:colcon.colcon_core.shell:Creating prefix script '/mnt/c/Users/USER/Documents/wheelchair/wheelchair_ws/install/local_setup.bash'
[11.341s] INFO:colcon.colcon_core.shell:Creating prefix chain script '/mnt/c/Users/USER/Documents/wheelchair/wheelchair_ws/install/setup.bash'
[11.386s] INFO:colcon.colcon_core.shell:Creating prefix script '/mnt/c/Users/USER/Documents/wheelchair/wheelchair_ws/install/local_setup.zsh'
[11.412s] INFO:colcon.colcon_core.shell:Creating prefix chain script '/mnt/c/Users/USER/Documents/wheelchair/wheelchair_ws/install/setup.zsh'
