[0.320s] DEBUG:colcon:Command line arguments: ['/usr/bin/colcon', 'build', '--symlink-install']
[0.320s] DEBUG:colcon:Parsed command line arguments: Namespace(log_base=None, log_level=None, verb_name='build', build_base='build', install_base='install', merge_install=False, symlink_install=True, test_result_base=None, continue_on_error=False, executor='parallel', parallel_workers=12, event_handlers=None, ignore_user_meta=False, metas=['./colcon.meta'], base_paths=['.'], packages_ignore=None, packages_ignore_regex=None, paths=None, packages_up_to=None, packages_up_to_regex=None, packages_above=None, packages_above_and_dependencies=None, packages_above_depth=None, packages_select_by_dep=None, packages_skip_by_dep=None, packages_skip_up_to=None, packages_select_build_failed=False, packages_skip_build_finished=False, packages_select_test_failures=False, packages_skip_test_passed=False, packages_select=None, packages_skip=None, packages_select_regex=None, packages_skip_regex=None, packages_start=None, packages_end=None, allow_overriding=[], cmake_args=None, cmake_target=None, cmake_target_skip_unavailable=False, cmake_clean_cache=False, cmake_clean_first=False, cmake_force_configure=False, ament_cmake_args=None, catkin_cmake_args=None, catkin_skip_building_tests=False, verb_parser=<colcon_defaults.argument_parser.defaults.DefaultArgumentsDecorator object at 0x735a0f1d18a0>, verb_extension=<colcon_core.verb.build.BuildVerb object at 0x735a0f3cdf90>, main=<bound method BuildVerb.main of <colcon_core.verb.build.BuildVerb object at 0x735a0f3cdf90>>)
[0.419s] Level 1:colcon.colcon_core.package_discovery:discover_packages(colcon_meta) check parameters
[0.421s] Level 1:colcon.colcon_core.package_discovery:discover_packages(recursive) check parameters
[0.421s] Level 1:colcon.colcon_core.package_discovery:discover_packages(ignore) check parameters
[0.422s] Level 1:colcon.colcon_core.package_discovery:discover_packages(path) check parameters
[0.422s] Level 1:colcon.colcon_core.package_discovery:discover_packages(colcon_meta) discover
[0.423s] Level 1:colcon.colcon_core.package_discovery:discover_packages(recursive) discover
[0.424s] INFO:colcon.colcon_core.package_discovery:Crawling recursively for packages in '/mnt/c/Users/USER/Documents/wheelchair/wheelchair_ws'
[0.427s] Level 1:colcon.colcon_core.package_identification:_identify(.) by extensions ['ignore', 'ignore_ament_install']
[0.427s] Level 1:colcon.colcon_core.package_identification:_identify(.) by extension 'ignore'
[0.427s] Level 1:colcon.colcon_core.package_identification:_identify(.) by extension 'ignore_ament_install'
[0.428s] Level 1:colcon.colcon_core.package_identification:_identify(.) by extensions ['colcon_pkg']
[0.428s] Level 1:colcon.colcon_core.package_identification:_identify(.) by extension 'colcon_pkg'
[0.428s] Level 1:colcon.colcon_core.package_identification:_identify(.) by extensions ['colcon_meta']
[0.428s] Level 1:colcon.colcon_core.package_identification:_identify(.) by extension 'colcon_meta'
[0.428s] Level 1:colcon.colcon_core.package_identification:_identify(.) by extensions ['ros']
[0.429s] Level 1:colcon.colcon_core.package_identification:_identify(.) by extension 'ros'
[0.438s] Level 1:colcon.colcon_core.package_identification:_identify(.) by extensions ['cmake', 'python']
[0.438s] Level 1:colcon.colcon_core.package_identification:_identify(.) by extension 'cmake'
[0.439s] Level 1:colcon.colcon_core.package_identification:_identify(.) by extension 'python'
[0.439s] Level 1:colcon.colcon_core.package_identification:_identify(.) by extensions ['python_setup_py']
[0.439s] Level 1:colcon.colcon_core.package_identification:_identify(.) by extension 'python_setup_py'
[0.441s] Level 1:colcon.colcon_core.package_identification:_identify(build) by extensions ['ignore', 'ignore_ament_install']
[0.442s] Level 1:colcon.colcon_core.package_identification:_identify(build) by extension 'ignore'
[0.442s] Level 1:colcon.colcon_core.package_identification:_identify(build) ignored
[0.444s] Level 1:colcon.colcon_core.package_identification:_identify(install) by extensions ['ignore', 'ignore_ament_install']
[0.445s] Level 1:colcon.colcon_core.package_identification:_identify(install) by extension 'ignore'
[0.446s] Level 1:colcon.colcon_core.package_identification:_identify(install) ignored
[0.448s] Level 1:colcon.colcon_core.package_identification:_identify(log) by extensions ['ignore', 'ignore_ament_install']
[0.448s] Level 1:colcon.colcon_core.package_identification:_identify(log) by extension 'ignore'
[0.449s] Level 1:colcon.colcon_core.package_identification:_identify(log) ignored
[0.451s] Level 1:colcon.colcon_core.package_identification:_identify(wheelchair_description) by extensions ['ignore', 'ignore_ament_install']
[0.451s] Level 1:colcon.colcon_core.package_identification:_identify(wheelchair_description) by extension 'ignore'
[0.451s] Level 1:colcon.colcon_core.package_identification:_identify(wheelchair_description) by extension 'ignore_ament_install'
[0.452s] Level 1:colcon.colcon_core.package_identification:_identify(wheelchair_description) by extensions ['colcon_pkg']
[0.452s] Level 1:colcon.colcon_core.package_identification:_identify(wheelchair_description) by extension 'colcon_pkg'
[0.453s] Level 1:colcon.colcon_core.package_identification:_identify(wheelchair_description) by extensions ['colcon_meta']
[0.453s] Level 1:colcon.colcon_core.package_identification:_identify(wheelchair_description) by extension 'colcon_meta'
[0.454s] Level 1:colcon.colcon_core.package_identification:_identify(wheelchair_description) by extensions ['ros']
[0.454s] Level 1:colcon.colcon_core.package_identification:_identify(wheelchair_description) by extension 'ros'
[0.462s] DEBUG:colcon.colcon_core.package_identification:Package 'wheelchair_description' with type 'ros.ament_cmake' and name 'wheelchair_description'
[0.462s] Level 1:colcon.colcon_core.package_discovery:discover_packages(recursive) using defaults
[0.462s] Level 1:colcon.colcon_core.package_discovery:discover_packages(ignore) discover
[0.462s] Level 1:colcon.colcon_core.package_discovery:discover_packages(ignore) using defaults
[0.462s] Level 1:colcon.colcon_core.package_discovery:discover_packages(path) discover
[0.463s] Level 1:colcon.colcon_core.package_discovery:discover_packages(path) using defaults
[0.477s] Level 1:colcon.colcon_core.package_discovery:discover_packages(prefix_path) check parameters
[0.477s] Level 1:colcon.colcon_core.package_discovery:discover_packages(prefix_path) discover
[0.479s] WARNING:colcon.colcon_ros.prefix_path.ament:The path '/mnt/c/Users/USER/Documents/wheelchair/wheelchair_ws/install/wheelchair_description' in the environment variable AMENT_PREFIX_PATH doesn't exist
[0.480s] WARNING:colcon.colcon_ros.prefix_path.catkin:The path '/mnt/c/Users/USER/Documents/wheelchair/wheelchair_ws/install/wheelchair_description' in the environment variable CMAKE_PREFIX_PATH doesn't exist
[0.489s] DEBUG:colcon.colcon_installed_package_information.package_discovery:Found 0 installed packages in /mnt/c/Users/USER/Documents/wheelchair/wheelchair_ws/install
[0.490s] DEBUG:colcon.colcon_installed_package_information.package_discovery:Found 342 installed packages in /opt/ros/humble
[0.491s] Level 1:colcon.colcon_core.package_discovery:discover_packages(prefix_path) using defaults
[0.517s] Level 5:colcon.colcon_core.verb:set package 'wheelchair_description' build argument 'cmake_args' from command line to 'None'
[0.517s] Level 5:colcon.colcon_core.verb:set package 'wheelchair_description' build argument 'cmake_target' from command line to 'None'
[0.518s] Level 5:colcon.colcon_core.verb:set package 'wheelchair_description' build argument 'cmake_target_skip_unavailable' from command line to 'False'
[0.518s] Level 5:colcon.colcon_core.verb:set package 'wheelchair_description' build argument 'cmake_clean_cache' from command line to 'False'
[0.518s] Level 5:colcon.colcon_core.verb:set package 'wheelchair_description' build argument 'cmake_clean_first' from command line to 'False'
[0.518s] Level 5:colcon.colcon_core.verb:set package 'wheelchair_description' build argument 'cmake_force_configure' from command line to 'False'
[0.518s] Level 5:colcon.colcon_core.verb:set package 'wheelchair_description' build argument 'ament_cmake_args' from command line to 'None'
[0.518s] Level 5:colcon.colcon_core.verb:set package 'wheelchair_description' build argument 'catkin_cmake_args' from command line to 'None'
[0.519s] Level 5:colcon.colcon_core.verb:set package 'wheelchair_description' build argument 'catkin_skip_building_tests' from command line to 'False'
[0.519s] DEBUG:colcon.colcon_core.verb:Building package 'wheelchair_description' with the following arguments: {'ament_cmake_args': None, 'build_base': '/mnt/c/Users/USER/Documents/wheelchair/wheelchair_ws/build/wheelchair_description', 'catkin_cmake_args': None, 'catkin_skip_building_tests': False, 'cmake_args': None, 'cmake_clean_cache': False, 'cmake_clean_first': False, 'cmake_force_configure': False, 'cmake_target': None, 'cmake_target_skip_unavailable': False, 'install_base': '/mnt/c/Users/USER/Documents/wheelchair/wheelchair_ws/install/wheelchair_description', 'merge_install': False, 'path': '/mnt/c/Users/USER/Documents/wheelchair/wheelchair_ws/wheelchair_description', 'symlink_install': True, 'test_result_base': None}
[0.519s] INFO:colcon.colcon_core.executor:Executing jobs using 'parallel' executor
[0.520s] DEBUG:colcon.colcon_parallel_executor.executor.parallel:run_until_complete
[0.521s] INFO:colcon.colcon_ros.task.ament_cmake.build:Building ROS package in '/mnt/c/Users/USER/Documents/wheelchair/wheelchair_ws/wheelchair_description' with build type 'ament_cmake'
[0.521s] INFO:colcon.colcon_cmake.task.cmake.build:Building CMake package in '/mnt/c/Users/USER/Documents/wheelchair/wheelchair_ws/wheelchair_description'
[0.525s] INFO:colcon.colcon_core.plugin_system:Skipping extension 'colcon_core.shell.bat': Not used on non-Windows systems
[0.525s] INFO:colcon.colcon_core.shell:Skip shell extension 'powershell' for command environment: Not usable outside of PowerShell
[0.525s] DEBUG:colcon.colcon_core.shell:Skip shell extension 'dsv' for command environment
[0.595s] DEBUG:colcon.colcon_core.event_handler.log_command:Invoking command in '/mnt/c/Users/USER/Documents/wheelchair/wheelchair_ws/build/wheelchair_description': CMAKE_PREFIX_PATH=${CMAKE_PREFIX_PATH}:/opt/ros/humble /usr/bin/cmake /mnt/c/Users/USER/Documents/wheelchair/wheelchair_ws/wheelchair_description -DAMENT_CMAKE_SYMLINK_INSTALL=1 -DCMAKE_INSTALL_PREFIX=/mnt/c/Users/USER/Documents/wheelchair/wheelchair_ws/install/wheelchair_description
[20.948s] DEBUG:colcon.colcon_core.event_handler.log_command:Invoked command in '/mnt/c/Users/USER/Documents/wheelchair/wheelchair_ws/build/wheelchair_description' returned '0': CMAKE_PREFIX_PATH=${CMAKE_PREFIX_PATH}:/opt/ros/humble /usr/bin/cmake /mnt/c/Users/USER/Documents/wheelchair/wheelchair_ws/wheelchair_description -DAMENT_CMAKE_SYMLINK_INSTALL=1 -DCMAKE_INSTALL_PREFIX=/mnt/c/Users/USER/Documents/wheelchair/wheelchair_ws/install/wheelchair_description
[21.023s] DEBUG:colcon.colcon_core.event_handler.log_command:Invoking command in '/mnt/c/Users/USER/Documents/wheelchair/wheelchair_ws/build/wheelchair_description': CMAKE_PREFIX_PATH=${CMAKE_PREFIX_PATH}:/opt/ros/humble /usr/bin/cmake --build /mnt/c/Users/USER/Documents/wheelchair/wheelchair_ws/build/wheelchair_description -- -j12 -l12
[21.535s] DEBUG:colcon.colcon_core.event_handler.log_command:Invoked command in '/mnt/c/Users/USER/Documents/wheelchair/wheelchair_ws/build/wheelchair_description' returned '0': CMAKE_PREFIX_PATH=${CMAKE_PREFIX_PATH}:/opt/ros/humble /usr/bin/cmake --build /mnt/c/Users/USER/Documents/wheelchair/wheelchair_ws/build/wheelchair_description -- -j12 -l12
[21.727s] DEBUG:colcon.colcon_core.event_handler.log_command:Invoking command in '/mnt/c/Users/USER/Documents/wheelchair/wheelchair_ws/build/wheelchair_description': CMAKE_PREFIX_PATH=${CMAKE_PREFIX_PATH}:/opt/ros/humble /usr/bin/cmake --install /mnt/c/Users/USER/Documents/wheelchair/wheelchair_ws/build/wheelchair_description
[32.005s] Level 1:colcon.colcon_core.environment:create_environment_scripts_only(wheelchair_description)
[32.009s] DEBUG:colcon.colcon_core.event_handler.log_command:Invoked command in '/mnt/c/Users/USER/Documents/wheelchair/wheelchair_ws/build/wheelchair_description' returned '0': CMAKE_PREFIX_PATH=${CMAKE_PREFIX_PATH}:/opt/ros/humble /usr/bin/cmake --install /mnt/c/Users/USER/Documents/wheelchair/wheelchair_ws/build/wheelchair_description
[32.011s] Level 1:colcon.colcon_core.environment:checking '/mnt/c/Users/USER/Documents/wheelchair/wheelchair_ws/install/wheelchair_description' for CMake module files
[32.190s] Level 1:colcon.colcon_core.environment:checking '/mnt/c/Users/USER/Documents/wheelchair/wheelchair_ws/install/wheelchair_description' for CMake config files
[32.244s] Level 1:colcon.colcon_core.shell:create_environment_hook('wheelchair_description', 'cmake_prefix_path')
[32.245s] INFO:colcon.colcon_core.shell:Creating environment hook '/mnt/c/Users/USER/Documents/wheelchair/wheelchair_ws/install/wheelchair_description/share/wheelchair_description/hook/cmake_prefix_path.ps1'
[32.254s] INFO:colcon.colcon_core.shell:Creating environment descriptor '/mnt/c/Users/USER/Documents/wheelchair/wheelchair_ws/install/wheelchair_description/share/wheelchair_description/hook/cmake_prefix_path.dsv'
[32.265s] INFO:colcon.colcon_core.shell:Creating environment hook '/mnt/c/Users/USER/Documents/wheelchair/wheelchair_ws/install/wheelchair_description/share/wheelchair_description/hook/cmake_prefix_path.sh'
[32.285s] Level 1:colcon.colcon_core.environment:checking '/mnt/c/Users/USER/Documents/wheelchair/wheelchair_ws/install/wheelchair_description/bin'
[32.286s] Level 1:colcon.colcon_core.environment:checking '/mnt/c/Users/USER/Documents/wheelchair/wheelchair_ws/install/wheelchair_description/lib/pkgconfig/wheelchair_description.pc'
[32.287s] Level 1:colcon.colcon_core.environment:checking '/mnt/c/Users/USER/Documents/wheelchair/wheelchair_ws/install/wheelchair_description/lib/python3.10/site-packages'
[32.288s] Level 1:colcon.colcon_core.environment:checking '/mnt/c/Users/USER/Documents/wheelchair/wheelchair_ws/install/wheelchair_description/bin'
[32.289s] INFO:colcon.colcon_core.shell:Creating package script '/mnt/c/Users/USER/Documents/wheelchair/wheelchair_ws/install/wheelchair_description/share/wheelchair_description/package.ps1'
[32.298s] INFO:colcon.colcon_core.shell:Creating package descriptor '/mnt/c/Users/USER/Documents/wheelchair/wheelchair_ws/install/wheelchair_description/share/wheelchair_description/package.dsv'
[32.309s] INFO:colcon.colcon_core.shell:Creating package script '/mnt/c/Users/USER/Documents/wheelchair/wheelchair_ws/install/wheelchair_description/share/wheelchair_description/package.sh'
[32.317s] INFO:colcon.colcon_core.shell:Creating package script '/mnt/c/Users/USER/Documents/wheelchair/wheelchair_ws/install/wheelchair_description/share/wheelchair_description/package.bash'
[32.325s] INFO:colcon.colcon_core.shell:Creating package script '/mnt/c/Users/USER/Documents/wheelchair/wheelchair_ws/install/wheelchair_description/share/wheelchair_description/package.zsh'
[32.333s] Level 1:colcon.colcon_core.environment:create_file_with_runtime_dependencies(/mnt/c/Users/USER/Documents/wheelchair/wheelchair_ws/install/wheelchair_description/share/colcon-core/packages/wheelchair_description)
[32.351s] Level 1:colcon.colcon_core.environment:create_environment_scripts_only(wheelchair_description)
[32.351s] Level 1:colcon.colcon_core.environment:checking '/mnt/c/Users/USER/Documents/wheelchair/wheelchair_ws/install/wheelchair_description' for CMake module files
[32.419s] Level 1:colcon.colcon_core.environment:checking '/mnt/c/Users/USER/Documents/wheelchair/wheelchair_ws/install/wheelchair_description' for CMake config files
[32.477s] Level 1:colcon.colcon_core.shell:create_environment_hook('wheelchair_description', 'cmake_prefix_path')
[32.477s] INFO:colcon.colcon_core.shell:Creating environment hook '/mnt/c/Users/USER/Documents/wheelchair/wheelchair_ws/install/wheelchair_description/share/wheelchair_description/hook/cmake_prefix_path.ps1'
[32.487s] INFO:colcon.colcon_core.shell:Creating environment descriptor '/mnt/c/Users/USER/Documents/wheelchair/wheelchair_ws/install/wheelchair_description/share/wheelchair_description/hook/cmake_prefix_path.dsv'
[32.496s] INFO:colcon.colcon_core.shell:Creating environment hook '/mnt/c/Users/USER/Documents/wheelchair/wheelchair_ws/install/wheelchair_description/share/wheelchair_description/hook/cmake_prefix_path.sh'
[32.507s] Level 1:colcon.colcon_core.environment:checking '/mnt/c/Users/USER/Documents/wheelchair/wheelchair_ws/install/wheelchair_description/bin'
[32.508s] Level 1:colcon.colcon_core.environment:checking '/mnt/c/Users/USER/Documents/wheelchair/wheelchair_ws/install/wheelchair_description/lib/pkgconfig/wheelchair_description.pc'
[32.509s] Level 1:colcon.colcon_core.environment:checking '/mnt/c/Users/USER/Documents/wheelchair/wheelchair_ws/install/wheelchair_description/lib/python3.10/site-packages'
[32.510s] Level 1:colcon.colcon_core.environment:checking '/mnt/c/Users/USER/Documents/wheelchair/wheelchair_ws/install/wheelchair_description/bin'
[32.511s] INFO:colcon.colcon_core.shell:Creating package script '/mnt/c/Users/USER/Documents/wheelchair/wheelchair_ws/install/wheelchair_description/share/wheelchair_description/package.ps1'
[32.519s] INFO:colcon.colcon_core.shell:Creating package descriptor '/mnt/c/Users/USER/Documents/wheelchair/wheelchair_ws/install/wheelchair_description/share/wheelchair_description/package.dsv'
[32.527s] INFO:colcon.colcon_core.shell:Creating package script '/mnt/c/Users/USER/Documents/wheelchair/wheelchair_ws/install/wheelchair_description/share/wheelchair_description/package.sh'
[32.536s] INFO:colcon.colcon_core.shell:Creating package script '/mnt/c/Users/USER/Documents/wheelchair/wheelchair_ws/install/wheelchair_description/share/wheelchair_description/package.bash'
[32.543s] INFO:colcon.colcon_core.shell:Creating package script '/mnt/c/Users/USER/Documents/wheelchair/wheelchair_ws/install/wheelchair_description/share/wheelchair_description/package.zsh'
[32.551s] Level 1:colcon.colcon_core.environment:create_file_with_runtime_dependencies(/mnt/c/Users/USER/Documents/wheelchair/wheelchair_ws/install/wheelchair_description/share/colcon-core/packages/wheelchair_description)
[32.558s] DEBUG:colcon.colcon_parallel_executor.executor.parallel:closing loop
[32.558s] DEBUG:colcon.colcon_parallel_executor.executor.parallel:loop closed
[32.558s] DEBUG:colcon.colcon_parallel_executor.executor.parallel:run_until_complete finished with '0'
[32.559s] DEBUG:colcon.colcon_core.event_reactor:joining thread
[32.778s] INFO:colcon.colcon_core.plugin_system:Skipping extension 'colcon_notification.desktop_notification.notify_send': Could not find 'notify-send'
[32.779s] INFO:colcon.colcon_core.plugin_system:Skipping extension 'colcon_notification.desktop_notification.terminal_notifier': Not used on non-Darwin systems
[32.780s] INFO:colcon.colcon_core.plugin_system:Skipping extension 'colcon_notification.desktop_notification.win32': Not used on non-Windows systems
[32.781s] INFO:colcon.colcon_notification.desktop_notification:Sending desktop notification using 'notify2'
[32.782s] DEBUG:colcon.colcon_notification.desktop_notification.notify2:Failed to initialize notify2: org.freedesktop.DBus.Error.FileNotFound: Failed to connect to socket /run/user/1000/bus: No such file or directory
[32.782s] DEBUG:colcon.colcon_core.event_reactor:joined thread
[32.783s] INFO:colcon.colcon_core.shell:Creating prefix script '/mnt/c/Users/USER/Documents/wheelchair/wheelchair_ws/install/local_setup.ps1'
[32.806s] INFO:colcon.colcon_core.shell:Creating prefix util module '/mnt/c/Users/USER/Documents/wheelchair/wheelchair_ws/install/_local_setup_util_ps1.py'
[32.846s] INFO:colcon.colcon_core.shell:Creating prefix chain script '/mnt/c/Users/USER/Documents/wheelchair/wheelchair_ws/install/setup.ps1'
[32.934s] INFO:colcon.colcon_core.shell:Creating prefix script '/mnt/c/Users/USER/Documents/wheelchair/wheelchair_ws/install/local_setup.sh'
[32.976s] INFO:colcon.colcon_core.shell:Creating prefix util module '/mnt/c/Users/USER/Documents/wheelchair/wheelchair_ws/install/_local_setup_util_sh.py'
[32.998s] INFO:colcon.colcon_core.shell:Creating prefix chain script '/mnt/c/Users/USER/Documents/wheelchair/wheelchair_ws/install/setup.sh'
[33.085s] INFO:colcon.colcon_core.shell:Creating prefix script '/mnt/c/Users/USER/Documents/wheelchair/wheelchair_ws/install/local_setup.bash'
[33.107s] INFO:colcon.colcon_core.shell:Creating prefix chain script '/mnt/c/Users/USER/Documents/wheelchair/wheelchair_ws/install/setup.bash'
[33.200s] INFO:colcon.colcon_core.shell:Creating prefix script '/mnt/c/Users/USER/Documents/wheelchair/wheelchair_ws/install/local_setup.zsh'
[33.217s] INFO:colcon.colcon_core.shell:Creating prefix chain script '/mnt/c/Users/USER/Documents/wheelchair/wheelchair_ws/install/setup.zsh'
