[0.276s] Invoking command in '/mnt/c/Users/USER/Documents/wheelchair/wheelchair_ws/build/wheelchair_description': CMAKE_PREFIX_PATH=${CMAKE_PREFIX_PATH}:/opt/ros/humble /usr/bin/cmake --build /mnt/c/Users/USER/Documents/wheelchair/wheelchair_ws/build/wheelchair_description -- -j12 -l12
[0.565s] Invoked command in '/mnt/c/Users/USER/Documents/wheelchair/wheelchair_ws/build/wheelchair_description' returned '0': CMAKE_PREFIX_PATH=${CMAKE_PREFIX_PATH}:/opt/ros/humble /usr/bin/cmake --build /mnt/c/Users/USER/Documents/wheelchair/wheelchair_ws/build/wheelchair_description -- -j12 -l12
[0.683s] Invoking command in '/mnt/c/Users/USER/Documents/wheelchair/wheelchair_ws/build/wheelchair_description': CMAKE_PREFIX_PATH=${CMAKE_PREFIX_PATH}:/opt/ros/humble /usr/bin/cmake --install /mnt/c/Users/USER/Documents/wheelchair/wheelchair_ws/build/wheelchair_description
[0.702s] -- Install configuration: ""
[0.763s] -- Execute custom install script
[0.917s] -- Up-to-date symlink: /mnt/c/Users/USER/Documents/wheelchair/wheelchair_ws/install/wheelchair_description/share/wheelchair_description//launch/wheelchair_gazebo.launch.py
[2.183s] -- Up-to-date symlink: /mnt/c/Users/USER/Documents/wheelchair/wheelchair_ws/install/wheelchair_description/share/wheelchair_description//meshes/back_collision.stl
[2.287s] -- Up-to-date symlink: /mnt/c/Users/USER/Documents/wheelchair/wheelchair_ws/install/wheelchair_description/share/wheelchair_description//meshes/back_visual.mtl
[2.420s] -- Up-to-date symlink: /mnt/c/Users/USER/Documents/wheelchair/wheelchair_ws/install/wheelchair_description/share/wheelchair_description//meshes/back_visual.obj
[2.552s] -- Up-to-date symlink: /mnt/c/Users/USER/Documents/wheelchair/wheelchair_ws/install/wheelchair_description/share/wheelchair_description//meshes/back_visual.stl
[2.641s] -- Up-to-date symlink: /mnt/c/Users/USER/Documents/wheelchair/wheelchair_ws/install/wheelchair_description/share/wheelchair_description//meshes/base_link_collision.stl
[2.753s] -- Up-to-date symlink: /mnt/c/Users/USER/Documents/wheelchair/wheelchair_ws/install/wheelchair_description/share/wheelchair_description//meshes/base_link_visual.mtl
[2.873s] -- Up-to-date symlink: /mnt/c/Users/USER/Documents/wheelchair/wheelchair_ws/install/wheelchair_description/share/wheelchair_description//meshes/base_link_visual.obj
[2.990s] -- Up-to-date symlink: /mnt/c/Users/USER/Documents/wheelchair/wheelchair_ws/install/wheelchair_description/share/wheelchair_description//meshes/base_link_visual.stl
[3.086s] -- Up-to-date symlink: /mnt/c/Users/USER/Documents/wheelchair/wheelchair_ws/install/wheelchair_description/share/wheelchair_description//meshes/caster_left_collision.stl
[3.238s] -- Up-to-date symlink: /mnt/c/Users/USER/Documents/wheelchair/wheelchair_ws/install/wheelchair_description/share/wheelchair_description//meshes/caster_left_visual.mtl
[3.379s] -- Up-to-date symlink: /mnt/c/Users/USER/Documents/wheelchair/wheelchair_ws/install/wheelchair_description/share/wheelchair_description//meshes/caster_left_visual.obj
[3.509s] -- Up-to-date symlink: /mnt/c/Users/USER/Documents/wheelchair/wheelchair_ws/install/wheelchair_description/share/wheelchair_description//meshes/caster_left_visual.stl
[3.636s] -- Up-to-date symlink: /mnt/c/Users/USER/Documents/wheelchair/wheelchair_ws/install/wheelchair_description/share/wheelchair_description//meshes/caster_right_collision.stl
[3.727s] -- Up-to-date symlink: /mnt/c/Users/USER/Documents/wheelchair/wheelchair_ws/install/wheelchair_description/share/wheelchair_description//meshes/caster_right_visual.mtl
[3.799s] -- Up-to-date symlink: /mnt/c/Users/USER/Documents/wheelchair/wheelchair_ws/install/wheelchair_description/share/wheelchair_description//meshes/caster_right_visual.obj
[3.899s] -- Up-to-date symlink: /mnt/c/Users/USER/Documents/wheelchair/wheelchair_ws/install/wheelchair_description/share/wheelchair_description//meshes/caster_right_visual.stl
[4.016s] -- Up-to-date symlink: /mnt/c/Users/USER/Documents/wheelchair/wheelchair_ws/install/wheelchair_description/share/wheelchair_description//meshes/frame_collision.stl
[4.169s] -- Up-to-date symlink: /mnt/c/Users/USER/Documents/wheelchair/wheelchair_ws/install/wheelchair_description/share/wheelchair_description//meshes/frame_visual.mtl
[4.272s] -- Up-to-date symlink: /mnt/c/Users/USER/Documents/wheelchair/wheelchair_ws/install/wheelchair_description/share/wheelchair_description//meshes/frame_visual.obj
[4.358s] -- Up-to-date symlink: /mnt/c/Users/USER/Documents/wheelchair/wheelchair_ws/install/wheelchair_description/share/wheelchair_description//meshes/frame_visual.stl
[4.455s] -- Up-to-date symlink: /mnt/c/Users/USER/Documents/wheelchair/wheelchair_ws/install/wheelchair_description/share/wheelchair_description//meshes/left_armrest_collision.stl
[4.558s] -- Up-to-date symlink: /mnt/c/Users/USER/Documents/wheelchair/wheelchair_ws/install/wheelchair_description/share/wheelchair_description//meshes/left_armrest_visual.mtl
[4.678s] -- Up-to-date symlink: /mnt/c/Users/USER/Documents/wheelchair/wheelchair_ws/install/wheelchair_description/share/wheelchair_description//meshes/left_armrest_visual.obj
[4.775s] -- Up-to-date symlink: /mnt/c/Users/USER/Documents/wheelchair/wheelchair_ws/install/wheelchair_description/share/wheelchair_description//meshes/left_armrest_visual.stl
[4.870s] -- Up-to-date symlink: /mnt/c/Users/USER/Documents/wheelchair/wheelchair_ws/install/wheelchair_description/share/wheelchair_description//meshes/left_caster_collision.stl
[4.994s] -- Up-to-date symlink: /mnt/c/Users/USER/Documents/wheelchair/wheelchair_ws/install/wheelchair_description/share/wheelchair_description//meshes/left_caster_visual.stl
[5.099s] -- Up-to-date symlink: /mnt/c/Users/USER/Documents/wheelchair/wheelchair_ws/install/wheelchair_description/share/wheelchair_description//meshes/left_flap_collision.stl
[5.159s] -- Up-to-date symlink: /mnt/c/Users/USER/Documents/wheelchair/wheelchair_ws/install/wheelchair_description/share/wheelchair_description//meshes/left_flap_visual.mtl
[5.241s] -- Up-to-date symlink: /mnt/c/Users/USER/Documents/wheelchair/wheelchair_ws/install/wheelchair_description/share/wheelchair_description//meshes/left_flap_visual.obj
[5.276s] -- Up-to-date symlink: /mnt/c/Users/USER/Documents/wheelchair/wheelchair_ws/install/wheelchair_description/share/wheelchair_description//meshes/left_flap_visual.stl
[5.389s] -- Up-to-date symlink: /mnt/c/Users/USER/Documents/wheelchair/wheelchair_ws/install/wheelchair_description/share/wheelchair_description//meshes/left_handle_collision.stl
[5.456s] -- Up-to-date symlink: /mnt/c/Users/USER/Documents/wheelchair/wheelchair_ws/install/wheelchair_description/share/wheelchair_description//meshes/left_handle_visual.stl
[5.546s] -- Up-to-date symlink: /mnt/c/Users/USER/Documents/wheelchair/wheelchair_ws/install/wheelchair_description/share/wheelchair_description//meshes/left_panel_collision.stl
[5.606s] -- Up-to-date symlink: /mnt/c/Users/USER/Documents/wheelchair/wheelchair_ws/install/wheelchair_description/share/wheelchair_description//meshes/left_panel_visual.mtl
[5.642s] -- Up-to-date symlink: /mnt/c/Users/USER/Documents/wheelchair/wheelchair_ws/install/wheelchair_description/share/wheelchair_description//meshes/left_panel_visual.obj
[5.722s] -- Up-to-date symlink: /mnt/c/Users/USER/Documents/wheelchair/wheelchair_ws/install/wheelchair_description/share/wheelchair_description//meshes/left_panel_visual.stl
[5.825s] -- Up-to-date symlink: /mnt/c/Users/USER/Documents/wheelchair/wheelchair_ws/install/wheelchair_description/share/wheelchair_description//meshes/left_pedal_collision.stl
[5.894s] -- Up-to-date symlink: /mnt/c/Users/USER/Documents/wheelchair/wheelchair_ws/install/wheelchair_description/share/wheelchair_description//meshes/left_pedal_visual.stl
[5.979s] -- Up-to-date symlink: /mnt/c/Users/USER/Documents/wheelchair/wheelchair_ws/install/wheelchair_description/share/wheelchair_description//meshes/left_pin_collision.stl
[6.087s] -- Up-to-date symlink: /mnt/c/Users/USER/Documents/wheelchair/wheelchair_ws/install/wheelchair_description/share/wheelchair_description//meshes/left_pin_visual.mtl
[6.226s] -- Up-to-date symlink: /mnt/c/Users/USER/Documents/wheelchair/wheelchair_ws/install/wheelchair_description/share/wheelchair_description//meshes/left_pin_visual.obj
[6.345s] -- Up-to-date symlink: /mnt/c/Users/USER/Documents/wheelchair/wheelchair_ws/install/wheelchair_description/share/wheelchair_description//meshes/left_pin_visual.stl
[6.419s] -- Up-to-date symlink: /mnt/c/Users/USER/Documents/wheelchair/wheelchair_ws/install/wheelchair_description/share/wheelchair_description//meshes/leftbackwheel_collision.stl
[6.500s] -- Up-to-date symlink: /mnt/c/Users/USER/Documents/wheelchair/wheelchair_ws/install/wheelchair_description/share/wheelchair_description//meshes/leftbackwheel_visual.mtl
[6.557s] -- Up-to-date symlink: /mnt/c/Users/USER/Documents/wheelchair/wheelchair_ws/install/wheelchair_description/share/wheelchair_description//meshes/leftbackwheel_visual.obj
[6.628s] -- Up-to-date symlink: /mnt/c/Users/USER/Documents/wheelchair/wheelchair_ws/install/wheelchair_description/share/wheelchair_description//meshes/leftbackwheel_visual.stl
[6.749s] -- Up-to-date symlink: /mnt/c/Users/USER/Documents/wheelchair/wheelchair_ws/install/wheelchair_description/share/wheelchair_description//meshes/leftfrontwheel_collision.stl
[6.870s] -- Up-to-date symlink: /mnt/c/Users/USER/Documents/wheelchair/wheelchair_ws/install/wheelchair_description/share/wheelchair_description//meshes/leftfrontwheel_visual.mtl
[7.007s] -- Up-to-date symlink: /mnt/c/Users/USER/Documents/wheelchair/wheelchair_ws/install/wheelchair_description/share/wheelchair_description//meshes/leftfrontwheel_visual.obj
[7.113s] -- Up-to-date symlink: /mnt/c/Users/USER/Documents/wheelchair/wheelchair_ws/install/wheelchair_description/share/wheelchair_description//meshes/leftfrontwheel_visual.stl
[7.255s] -- Up-to-date symlink: /mnt/c/Users/USER/Documents/wheelchair/wheelchair_ws/install/wheelchair_description/share/wheelchair_description//meshes/right_armrest_collision.stl
[7.373s] -- Up-to-date symlink: /mnt/c/Users/USER/Documents/wheelchair/wheelchair_ws/install/wheelchair_description/share/wheelchair_description//meshes/right_armrest_visual.mtl
[7.464s] -- Up-to-date symlink: /mnt/c/Users/USER/Documents/wheelchair/wheelchair_ws/install/wheelchair_description/share/wheelchair_description//meshes/right_armrest_visual.obj
[7.550s] -- Up-to-date symlink: /mnt/c/Users/USER/Documents/wheelchair/wheelchair_ws/install/wheelchair_description/share/wheelchair_description//meshes/right_armrest_visual.stl
[7.609s] -- Up-to-date symlink: /mnt/c/Users/USER/Documents/wheelchair/wheelchair_ws/install/wheelchair_description/share/wheelchair_description//meshes/right_caster_collision.stl
[7.723s] -- Up-to-date symlink: /mnt/c/Users/USER/Documents/wheelchair/wheelchair_ws/install/wheelchair_description/share/wheelchair_description//meshes/right_caster_visual.stl
[7.809s] -- Up-to-date symlink: /mnt/c/Users/USER/Documents/wheelchair/wheelchair_ws/install/wheelchair_description/share/wheelchair_description//meshes/right_flap_collision.stl
[7.867s] -- Up-to-date symlink: /mnt/c/Users/USER/Documents/wheelchair/wheelchair_ws/install/wheelchair_description/share/wheelchair_description//meshes/right_flap_visual.mtl
[7.928s] -- Up-to-date symlink: /mnt/c/Users/USER/Documents/wheelchair/wheelchair_ws/install/wheelchair_description/share/wheelchair_description//meshes/right_flap_visual.obj
[8.041s] -- Up-to-date symlink: /mnt/c/Users/USER/Documents/wheelchair/wheelchair_ws/install/wheelchair_description/share/wheelchair_description//meshes/right_flap_visual.stl
[8.155s] -- Up-to-date symlink: /mnt/c/Users/USER/Documents/wheelchair/wheelchair_ws/install/wheelchair_description/share/wheelchair_description//meshes/right_handle_collision.stl
[8.220s] -- Up-to-date symlink: /mnt/c/Users/USER/Documents/wheelchair/wheelchair_ws/install/wheelchair_description/share/wheelchair_description//meshes/right_handle_visual.stl
[8.291s] -- Up-to-date symlink: /mnt/c/Users/USER/Documents/wheelchair/wheelchair_ws/install/wheelchair_description/share/wheelchair_description//meshes/right_panel_collision.stl
[8.366s] -- Up-to-date symlink: /mnt/c/Users/USER/Documents/wheelchair/wheelchair_ws/install/wheelchair_description/share/wheelchair_description//meshes/right_panel_visual.mtl
[8.447s] -- Up-to-date symlink: /mnt/c/Users/USER/Documents/wheelchair/wheelchair_ws/install/wheelchair_description/share/wheelchair_description//meshes/right_panel_visual.obj
[8.547s] -- Up-to-date symlink: /mnt/c/Users/USER/Documents/wheelchair/wheelchair_ws/install/wheelchair_description/share/wheelchair_description//meshes/right_panel_visual.stl
[8.604s] -- Up-to-date symlink: /mnt/c/Users/USER/Documents/wheelchair/wheelchair_ws/install/wheelchair_description/share/wheelchair_description//meshes/right_pedal_collision.stl
[8.674s] -- Up-to-date symlink: /mnt/c/Users/USER/Documents/wheelchair/wheelchair_ws/install/wheelchair_description/share/wheelchair_description//meshes/right_pedal_visual.stl
[8.732s] -- Up-to-date symlink: /mnt/c/Users/USER/Documents/wheelchair/wheelchair_ws/install/wheelchair_description/share/wheelchair_description//meshes/right_pin_collision.stl
[8.761s] -- Up-to-date symlink: /mnt/c/Users/USER/Documents/wheelchair/wheelchair_ws/install/wheelchair_description/share/wheelchair_description//meshes/right_pin_visual.mtl
[8.867s] -- Up-to-date symlink: /mnt/c/Users/USER/Documents/wheelchair/wheelchair_ws/install/wheelchair_description/share/wheelchair_description//meshes/right_pin_visual.obj
[8.985s] -- Up-to-date symlink: /mnt/c/Users/USER/Documents/wheelchair/wheelchair_ws/install/wheelchair_description/share/wheelchair_description//meshes/right_pin_visual.stl
[9.085s] -- Up-to-date symlink: /mnt/c/Users/USER/Documents/wheelchair/wheelchair_ws/install/wheelchair_description/share/wheelchair_description//meshes/rightbackwheel_collision.stl
[9.174s] -- Up-to-date symlink: /mnt/c/Users/USER/Documents/wheelchair/wheelchair_ws/install/wheelchair_description/share/wheelchair_description//meshes/rightbackwheel_visual.mtl
[9.226s] -- Up-to-date symlink: /mnt/c/Users/USER/Documents/wheelchair/wheelchair_ws/install/wheelchair_description/share/wheelchair_description//meshes/rightbackwheel_visual.obj
[9.275s] -- Up-to-date symlink: /mnt/c/Users/USER/Documents/wheelchair/wheelchair_ws/install/wheelchair_description/share/wheelchair_description//meshes/rightbackwheel_visual.stl
[9.339s] -- Up-to-date symlink: /mnt/c/Users/USER/Documents/wheelchair/wheelchair_ws/install/wheelchair_description/share/wheelchair_description//meshes/rightfrontwheel_collision.stl
[9.455s] -- Up-to-date symlink: /mnt/c/Users/USER/Documents/wheelchair/wheelchair_ws/install/wheelchair_description/share/wheelchair_description//meshes/rightfrontwheel_visual.mtl
[9.513s] -- Up-to-date symlink: /mnt/c/Users/USER/Documents/wheelchair/wheelchair_ws/install/wheelchair_description/share/wheelchair_description//meshes/rightfrontwheel_visual.obj
[9.569s] -- Up-to-date symlink: /mnt/c/Users/USER/Documents/wheelchair/wheelchair_ws/install/wheelchair_description/share/wheelchair_description//meshes/rightfrontwheel_visual.stl
[9.653s] -- Up-to-date symlink: /mnt/c/Users/USER/Documents/wheelchair/wheelchair_ws/install/wheelchair_description/share/wheelchair_description//meshes/seat_collision.stl
[9.715s] -- Up-to-date symlink: /mnt/c/Users/USER/Documents/wheelchair/wheelchair_ws/install/wheelchair_description/share/wheelchair_description//meshes/seat_visual.mtl
[9.834s] -- Up-to-date symlink: /mnt/c/Users/USER/Documents/wheelchair/wheelchair_ws/install/wheelchair_description/share/wheelchair_description//meshes/seat_visual.obj
[9.959s] -- Up-to-date symlink: /mnt/c/Users/USER/Documents/wheelchair/wheelchair_ws/install/wheelchair_description/share/wheelchair_description//meshes/seat_visual.stl
[10.081s] -- Up-to-date symlink: /mnt/c/Users/USER/Documents/wheelchair/wheelchair_ws/install/wheelchair_description/share/wheelchair_description//urdf/wheelchairtest.gazebo
[10.144s] -- Up-to-date symlink: /mnt/c/Users/USER/Documents/wheelchair/wheelchair_ws/install/wheelchair_description/share/wheelchair_description//urdf/wheelchairtest.urdf
[10.261s] -- Up-to-date symlink: /mnt/c/Users/USER/Documents/wheelchair/wheelchair_ws/install/wheelchair_description/share/wheelchair_description//urdf/wheelchairtest.xacro
[10.356s] -- Up-to-date symlink: /mnt/c/Users/USER/Documents/wheelchair/wheelchair_ws/install/wheelchair_description/share/ament_index/resource_index/package_run_dependencies/wheelchair_description
[10.401s] -- Up-to-date symlink: /mnt/c/Users/USER/Documents/wheelchair/wheelchair_ws/install/wheelchair_description/share/ament_index/resource_index/parent_prefix_path/wheelchair_description
[10.441s] -- Up-to-date symlink: /mnt/c/Users/USER/Documents/wheelchair/wheelchair_ws/install/wheelchair_description/share/wheelchair_description/environment/ament_prefix_path.sh
[10.529s] -- Up-to-date symlink: /mnt/c/Users/USER/Documents/wheelchair/wheelchair_ws/install/wheelchair_description/share/wheelchair_description/environment/ament_prefix_path.dsv
[10.598s] -- Up-to-date symlink: /mnt/c/Users/USER/Documents/wheelchair/wheelchair_ws/install/wheelchair_description/share/wheelchair_description/environment/path.sh
[10.730s] -- Up-to-date symlink: /mnt/c/Users/USER/Documents/wheelchair/wheelchair_ws/install/wheelchair_description/share/wheelchair_description/environment/path.dsv
[10.784s] -- Up-to-date symlink: /mnt/c/Users/USER/Documents/wheelchair/wheelchair_ws/install/wheelchair_description/share/wheelchair_description/local_setup.bash
[10.872s] -- Up-to-date symlink: /mnt/c/Users/USER/Documents/wheelchair/wheelchair_ws/install/wheelchair_description/share/wheelchair_description/local_setup.sh
[10.935s] -- Up-to-date symlink: /mnt/c/Users/USER/Documents/wheelchair/wheelchair_ws/install/wheelchair_description/share/wheelchair_description/local_setup.zsh
[11.030s] -- Up-to-date symlink: /mnt/c/Users/USER/Documents/wheelchair/wheelchair_ws/install/wheelchair_description/share/wheelchair_description/local_setup.dsv
[11.126s] -- Up-to-date symlink: /mnt/c/Users/USER/Documents/wheelchair/wheelchair_ws/install/wheelchair_description/share/wheelchair_description/package.dsv
[11.314s] -- Up-to-date symlink: /mnt/c/Users/USER/Documents/wheelchair/wheelchair_ws/install/wheelchair_description/share/ament_index/resource_index/packages/wheelchair_description
[11.431s] -- Up-to-date symlink: /mnt/c/Users/USER/Documents/wheelchair/wheelchair_ws/install/wheelchair_description/share/wheelchair_description/cmake/wheelchair_descriptionConfig.cmake
[11.486s] -- Up-to-date symlink: /mnt/c/Users/USER/Documents/wheelchair/wheelchair_ws/install/wheelchair_description/share/wheelchair_description/cmake/wheelchair_descriptionConfig-version.cmake
[11.537s] -- Up-to-date symlink: /mnt/c/Users/USER/Documents/wheelchair/wheelchair_ws/install/wheelchair_description/share/wheelchair_description/package.xml
[11.543s] Invoked command in '/mnt/c/Users/USER/Documents/wheelchair/wheelchair_ws/build/wheelchair_description' returned '0': CMAKE_PREFIX_PATH=${CMAKE_PREFIX_PATH}:/opt/ros/humble /usr/bin/cmake --install /mnt/c/Users/USER/Documents/wheelchair/wheelchair_ws/build/wheelchair_description
