[0.316s] Invoking command in '/mnt/c/Users/USER/Documents/wheelchair/wheelchair_ws/build/wheelchair_description': CMAKE_PREFIX_PATH=${CMAKE_PREFIX_PATH}:/opt/ros/humble /usr/bin/cmake --build /mnt/c/Users/USER/Documents/wheelchair/wheelchair_ws/build/wheelchair_description -- -j12 -l12
[0.576s] Invoked command in '/mnt/c/Users/USER/Documents/wheelchair/wheelchair_ws/build/wheelchair_description' returned '0': CMAKE_PREFIX_PATH=${CMAKE_PREFIX_PATH}:/opt/ros/humble /usr/bin/cmake --build /mnt/c/Users/USER/Documents/wheelchair/wheelchair_ws/build/wheelchair_description -- -j12 -l12
[0.638s] Invoking command in '/mnt/c/Users/USER/Documents/wheelchair/wheelchair_ws/build/wheelchair_description': CMAKE_PREFIX_PATH=${CMAKE_PREFIX_PATH}:/opt/ros/humble /usr/bin/cmake --install /mnt/c/Users/USER/Documents/wheelchair/wheelchair_ws/build/wheelchair_description
[0.677s] -- Install configuration: ""
[0.744s] -- Execute custom install script
[1.029s] -- Up-to-date symlink: /mnt/c/Users/USER/Documents/wheelchair/wheelchair_ws/install/wheelchair_description/share/wheelchair_description//launch/wheelchair_gazebo.launch.py
[1.830s] -- Up-to-date symlink: /mnt/c/Users/USER/Documents/wheelchair/wheelchair_ws/install/wheelchair_description/share/wheelchair_description//meshes/back_collision.stl
[1.893s] -- Up-to-date symlink: /mnt/c/Users/USER/Documents/wheelchair/wheelchair_ws/install/wheelchair_description/share/wheelchair_description//meshes/back_visual.mtl
[1.959s] -- Up-to-date symlink: /mnt/c/Users/USER/Documents/wheelchair/wheelchair_ws/install/wheelchair_description/share/wheelchair_description//meshes/back_visual.obj
[2.013s] -- Up-to-date symlink: /mnt/c/Users/USER/Documents/wheelchair/wheelchair_ws/install/wheelchair_description/share/wheelchair_description//meshes/back_visual.stl
[2.070s] -- Up-to-date symlink: /mnt/c/Users/USER/Documents/wheelchair/wheelchair_ws/install/wheelchair_description/share/wheelchair_description//meshes/base_link_collision.stl
[2.131s] -- Up-to-date symlink: /mnt/c/Users/USER/Documents/wheelchair/wheelchair_ws/install/wheelchair_description/share/wheelchair_description//meshes/base_link_visual.mtl
[2.192s] -- Up-to-date symlink: /mnt/c/Users/USER/Documents/wheelchair/wheelchair_ws/install/wheelchair_description/share/wheelchair_description//meshes/base_link_visual.obj
[2.249s] -- Up-to-date symlink: /mnt/c/Users/USER/Documents/wheelchair/wheelchair_ws/install/wheelchair_description/share/wheelchair_description//meshes/base_link_visual.stl
[2.307s] -- Up-to-date symlink: /mnt/c/Users/USER/Documents/wheelchair/wheelchair_ws/install/wheelchair_description/share/wheelchair_description//meshes/caster_left_collision.stl
[2.365s] -- Up-to-date symlink: /mnt/c/Users/USER/Documents/wheelchair/wheelchair_ws/install/wheelchair_description/share/wheelchair_description//meshes/caster_left_visual.mtl
[2.431s] -- Up-to-date symlink: /mnt/c/Users/USER/Documents/wheelchair/wheelchair_ws/install/wheelchair_description/share/wheelchair_description//meshes/caster_left_visual.obj
[2.565s] -- Up-to-date symlink: /mnt/c/Users/USER/Documents/wheelchair/wheelchair_ws/install/wheelchair_description/share/wheelchair_description//meshes/caster_left_visual.stl
[2.601s] -- Up-to-date symlink: /mnt/c/Users/USER/Documents/wheelchair/wheelchair_ws/install/wheelchair_description/share/wheelchair_description//meshes/caster_right_collision.stl
[2.620s] -- Up-to-date symlink: /mnt/c/Users/USER/Documents/wheelchair/wheelchair_ws/install/wheelchair_description/share/wheelchair_description//meshes/caster_right_visual.mtl
[2.642s] -- Up-to-date symlink: /mnt/c/Users/USER/Documents/wheelchair/wheelchair_ws/install/wheelchair_description/share/wheelchair_description//meshes/caster_right_visual.obj
[2.702s] -- Up-to-date symlink: /mnt/c/Users/USER/Documents/wheelchair/wheelchair_ws/install/wheelchair_description/share/wheelchair_description//meshes/caster_right_visual.stl
[2.779s] -- Up-to-date symlink: /mnt/c/Users/USER/Documents/wheelchair/wheelchair_ws/install/wheelchair_description/share/wheelchair_description//meshes/frame_collision.stl
[2.831s] -- Up-to-date symlink: /mnt/c/Users/USER/Documents/wheelchair/wheelchair_ws/install/wheelchair_description/share/wheelchair_description//meshes/frame_visual.mtl
[2.851s] -- Up-to-date symlink: /mnt/c/Users/USER/Documents/wheelchair/wheelchair_ws/install/wheelchair_description/share/wheelchair_description//meshes/frame_visual.obj
[2.872s] -- Up-to-date symlink: /mnt/c/Users/USER/Documents/wheelchair/wheelchair_ws/install/wheelchair_description/share/wheelchair_description//meshes/frame_visual.stl
[2.891s] -- Up-to-date symlink: /mnt/c/Users/USER/Documents/wheelchair/wheelchair_ws/install/wheelchair_description/share/wheelchair_description//meshes/left_armrest_collision.stl
[2.909s] -- Up-to-date symlink: /mnt/c/Users/USER/Documents/wheelchair/wheelchair_ws/install/wheelchair_description/share/wheelchair_description//meshes/left_armrest_visual.mtl
[2.928s] -- Up-to-date symlink: /mnt/c/Users/USER/Documents/wheelchair/wheelchair_ws/install/wheelchair_description/share/wheelchair_description//meshes/left_armrest_visual.obj
[2.949s] -- Up-to-date symlink: /mnt/c/Users/USER/Documents/wheelchair/wheelchair_ws/install/wheelchair_description/share/wheelchair_description//meshes/left_armrest_visual.stl
[2.967s] -- Up-to-date symlink: /mnt/c/Users/USER/Documents/wheelchair/wheelchair_ws/install/wheelchair_description/share/wheelchair_description//meshes/left_caster_collision.stl
[2.984s] -- Up-to-date symlink: /mnt/c/Users/USER/Documents/wheelchair/wheelchair_ws/install/wheelchair_description/share/wheelchair_description//meshes/left_caster_visual.stl
[3.004s] -- Up-to-date symlink: /mnt/c/Users/USER/Documents/wheelchair/wheelchair_ws/install/wheelchair_description/share/wheelchair_description//meshes/left_flap_collision.stl
[3.024s] -- Up-to-date symlink: /mnt/c/Users/USER/Documents/wheelchair/wheelchair_ws/install/wheelchair_description/share/wheelchair_description//meshes/left_flap_visual.mtl
[3.045s] -- Up-to-date symlink: /mnt/c/Users/USER/Documents/wheelchair/wheelchair_ws/install/wheelchair_description/share/wheelchair_description//meshes/left_flap_visual.obj
[3.064s] -- Up-to-date symlink: /mnt/c/Users/USER/Documents/wheelchair/wheelchair_ws/install/wheelchair_description/share/wheelchair_description//meshes/left_flap_visual.stl
[3.082s] -- Up-to-date symlink: /mnt/c/Users/USER/Documents/wheelchair/wheelchair_ws/install/wheelchair_description/share/wheelchair_description//meshes/left_handle_collision.stl
[3.099s] -- Up-to-date symlink: /mnt/c/Users/USER/Documents/wheelchair/wheelchair_ws/install/wheelchair_description/share/wheelchair_description//meshes/left_handle_visual.stl
[3.116s] -- Up-to-date symlink: /mnt/c/Users/USER/Documents/wheelchair/wheelchair_ws/install/wheelchair_description/share/wheelchair_description//meshes/left_panel_collision.stl
[3.133s] -- Up-to-date symlink: /mnt/c/Users/USER/Documents/wheelchair/wheelchair_ws/install/wheelchair_description/share/wheelchair_description//meshes/left_panel_visual.mtl
[3.151s] -- Up-to-date symlink: /mnt/c/Users/USER/Documents/wheelchair/wheelchair_ws/install/wheelchair_description/share/wheelchair_description//meshes/left_panel_visual.obj
[3.169s] -- Up-to-date symlink: /mnt/c/Users/USER/Documents/wheelchair/wheelchair_ws/install/wheelchair_description/share/wheelchair_description//meshes/left_panel_visual.stl
[3.187s] -- Up-to-date symlink: /mnt/c/Users/USER/Documents/wheelchair/wheelchair_ws/install/wheelchair_description/share/wheelchair_description//meshes/left_pedal_collision.stl
[3.205s] -- Up-to-date symlink: /mnt/c/Users/USER/Documents/wheelchair/wheelchair_ws/install/wheelchair_description/share/wheelchair_description//meshes/left_pedal_visual.stl
[3.224s] -- Up-to-date symlink: /mnt/c/Users/USER/Documents/wheelchair/wheelchair_ws/install/wheelchair_description/share/wheelchair_description//meshes/left_pin_collision.stl
[3.242s] -- Up-to-date symlink: /mnt/c/Users/USER/Documents/wheelchair/wheelchair_ws/install/wheelchair_description/share/wheelchair_description//meshes/left_pin_visual.mtl
[3.260s] -- Up-to-date symlink: /mnt/c/Users/USER/Documents/wheelchair/wheelchair_ws/install/wheelchair_description/share/wheelchair_description//meshes/left_pin_visual.obj
[3.277s] -- Up-to-date symlink: /mnt/c/Users/USER/Documents/wheelchair/wheelchair_ws/install/wheelchair_description/share/wheelchair_description//meshes/left_pin_visual.stl
[3.295s] -- Up-to-date symlink: /mnt/c/Users/USER/Documents/wheelchair/wheelchair_ws/install/wheelchair_description/share/wheelchair_description//meshes/leftbackwheel_collision.stl
[3.312s] -- Up-to-date symlink: /mnt/c/Users/USER/Documents/wheelchair/wheelchair_ws/install/wheelchair_description/share/wheelchair_description//meshes/leftbackwheel_visual.mtl
[3.329s] -- Up-to-date symlink: /mnt/c/Users/USER/Documents/wheelchair/wheelchair_ws/install/wheelchair_description/share/wheelchair_description//meshes/leftbackwheel_visual.obj
[3.347s] -- Up-to-date symlink: /mnt/c/Users/USER/Documents/wheelchair/wheelchair_ws/install/wheelchair_description/share/wheelchair_description//meshes/leftbackwheel_visual.stl
[3.365s] -- Up-to-date symlink: /mnt/c/Users/USER/Documents/wheelchair/wheelchair_ws/install/wheelchair_description/share/wheelchair_description//meshes/leftfrontwheel_collision.stl
[3.383s] -- Up-to-date symlink: /mnt/c/Users/USER/Documents/wheelchair/wheelchair_ws/install/wheelchair_description/share/wheelchair_description//meshes/leftfrontwheel_visual.mtl
[3.402s] -- Up-to-date symlink: /mnt/c/Users/USER/Documents/wheelchair/wheelchair_ws/install/wheelchair_description/share/wheelchair_description//meshes/leftfrontwheel_visual.obj
[3.448s] -- Up-to-date symlink: /mnt/c/Users/USER/Documents/wheelchair/wheelchair_ws/install/wheelchair_description/share/wheelchair_description//meshes/leftfrontwheel_visual.stl
[3.466s] -- Up-to-date symlink: /mnt/c/Users/USER/Documents/wheelchair/wheelchair_ws/install/wheelchair_description/share/wheelchair_description//meshes/right_armrest_collision.stl
[3.489s] -- Up-to-date symlink: /mnt/c/Users/USER/Documents/wheelchair/wheelchair_ws/install/wheelchair_description/share/wheelchair_description//meshes/right_armrest_visual.mtl
[3.516s] -- Up-to-date symlink: /mnt/c/Users/USER/Documents/wheelchair/wheelchair_ws/install/wheelchair_description/share/wheelchair_description//meshes/right_armrest_visual.obj
[3.534s] -- Up-to-date symlink: /mnt/c/Users/USER/Documents/wheelchair/wheelchair_ws/install/wheelchair_description/share/wheelchair_description//meshes/right_armrest_visual.stl
[3.559s] -- Up-to-date symlink: /mnt/c/Users/USER/Documents/wheelchair/wheelchair_ws/install/wheelchair_description/share/wheelchair_description//meshes/right_caster_collision.stl
[3.584s] -- Up-to-date symlink: /mnt/c/Users/USER/Documents/wheelchair/wheelchair_ws/install/wheelchair_description/share/wheelchair_description//meshes/right_caster_visual.stl
[3.660s] -- Up-to-date symlink: /mnt/c/Users/USER/Documents/wheelchair/wheelchair_ws/install/wheelchair_description/share/wheelchair_description//meshes/right_flap_collision.stl
[3.747s] -- Up-to-date symlink: /mnt/c/Users/USER/Documents/wheelchair/wheelchair_ws/install/wheelchair_description/share/wheelchair_description//meshes/right_flap_visual.mtl
[3.855s] -- Up-to-date symlink: /mnt/c/Users/USER/Documents/wheelchair/wheelchair_ws/install/wheelchair_description/share/wheelchair_description//meshes/right_flap_visual.obj
[3.934s] -- Up-to-date symlink: /mnt/c/Users/USER/Documents/wheelchair/wheelchair_ws/install/wheelchair_description/share/wheelchair_description//meshes/right_flap_visual.stl
[4.055s] -- Up-to-date symlink: /mnt/c/Users/USER/Documents/wheelchair/wheelchair_ws/install/wheelchair_description/share/wheelchair_description//meshes/right_handle_collision.stl
[4.192s] -- Up-to-date symlink: /mnt/c/Users/USER/Documents/wheelchair/wheelchair_ws/install/wheelchair_description/share/wheelchair_description//meshes/right_handle_visual.stl
[4.280s] -- Up-to-date symlink: /mnt/c/Users/USER/Documents/wheelchair/wheelchair_ws/install/wheelchair_description/share/wheelchair_description//meshes/right_panel_collision.stl
[4.368s] -- Up-to-date symlink: /mnt/c/Users/USER/Documents/wheelchair/wheelchair_ws/install/wheelchair_description/share/wheelchair_description//meshes/right_panel_visual.mtl
[4.487s] -- Up-to-date symlink: /mnt/c/Users/USER/Documents/wheelchair/wheelchair_ws/install/wheelchair_description/share/wheelchair_description//meshes/right_panel_visual.obj
[4.569s] -- Up-to-date symlink: /mnt/c/Users/USER/Documents/wheelchair/wheelchair_ws/install/wheelchair_description/share/wheelchair_description//meshes/right_panel_visual.stl
[4.636s] -- Up-to-date symlink: /mnt/c/Users/USER/Documents/wheelchair/wheelchair_ws/install/wheelchair_description/share/wheelchair_description//meshes/right_pedal_collision.stl
[4.743s] -- Up-to-date symlink: /mnt/c/Users/USER/Documents/wheelchair/wheelchair_ws/install/wheelchair_description/share/wheelchair_description//meshes/right_pedal_visual.stl
[4.838s] -- Up-to-date symlink: /mnt/c/Users/USER/Documents/wheelchair/wheelchair_ws/install/wheelchair_description/share/wheelchair_description//meshes/right_pin_collision.stl
[4.874s] -- Up-to-date symlink: /mnt/c/Users/USER/Documents/wheelchair/wheelchair_ws/install/wheelchair_description/share/wheelchair_description//meshes/right_pin_visual.mtl
[4.974s] -- Up-to-date symlink: /mnt/c/Users/USER/Documents/wheelchair/wheelchair_ws/install/wheelchair_description/share/wheelchair_description//meshes/right_pin_visual.obj
[5.068s] -- Up-to-date symlink: /mnt/c/Users/USER/Documents/wheelchair/wheelchair_ws/install/wheelchair_description/share/wheelchair_description//meshes/right_pin_visual.stl
[5.176s] -- Up-to-date symlink: /mnt/c/Users/USER/Documents/wheelchair/wheelchair_ws/install/wheelchair_description/share/wheelchair_description//meshes/rightbackwheel_collision.stl
[5.263s] -- Up-to-date symlink: /mnt/c/Users/USER/Documents/wheelchair/wheelchair_ws/install/wheelchair_description/share/wheelchair_description//meshes/rightbackwheel_visual.mtl
[5.342s] -- Up-to-date symlink: /mnt/c/Users/USER/Documents/wheelchair/wheelchair_ws/install/wheelchair_description/share/wheelchair_description//meshes/rightbackwheel_visual.obj
[5.462s] -- Up-to-date symlink: /mnt/c/Users/USER/Documents/wheelchair/wheelchair_ws/install/wheelchair_description/share/wheelchair_description//meshes/rightbackwheel_visual.stl
[5.566s] -- Up-to-date symlink: /mnt/c/Users/USER/Documents/wheelchair/wheelchair_ws/install/wheelchair_description/share/wheelchair_description//meshes/rightfrontwheel_collision.stl
[5.687s] -- Up-to-date symlink: /mnt/c/Users/USER/Documents/wheelchair/wheelchair_ws/install/wheelchair_description/share/wheelchair_description//meshes/rightfrontwheel_visual.mtl
[5.819s] -- Up-to-date symlink: /mnt/c/Users/USER/Documents/wheelchair/wheelchair_ws/install/wheelchair_description/share/wheelchair_description//meshes/rightfrontwheel_visual.obj
[5.908s] -- Up-to-date symlink: /mnt/c/Users/USER/Documents/wheelchair/wheelchair_ws/install/wheelchair_description/share/wheelchair_description//meshes/rightfrontwheel_visual.stl
[6.002s] -- Up-to-date symlink: /mnt/c/Users/USER/Documents/wheelchair/wheelchair_ws/install/wheelchair_description/share/wheelchair_description//meshes/seat_collision.stl
[6.081s] -- Up-to-date symlink: /mnt/c/Users/USER/Documents/wheelchair/wheelchair_ws/install/wheelchair_description/share/wheelchair_description//meshes/seat_visual.mtl
[6.146s] -- Up-to-date symlink: /mnt/c/Users/USER/Documents/wheelchair/wheelchair_ws/install/wheelchair_description/share/wheelchair_description//meshes/seat_visual.obj
[6.231s] -- Up-to-date symlink: /mnt/c/Users/USER/Documents/wheelchair/wheelchair_ws/install/wheelchair_description/share/wheelchair_description//meshes/seat_visual.stl
[6.284s] -- Up-to-date symlink: /mnt/c/Users/USER/Documents/wheelchair/wheelchair_ws/install/wheelchair_description/share/wheelchair_description//urdf/wheelchairtest.gazebo
[6.331s] -- Up-to-date symlink: /mnt/c/Users/USER/Documents/wheelchair/wheelchair_ws/install/wheelchair_description/share/wheelchair_description//urdf/wheelchairtest.urdf
[6.447s] -- Up-to-date symlink: /mnt/c/Users/USER/Documents/wheelchair/wheelchair_ws/install/wheelchair_description/share/wheelchair_description//urdf/wheelchairtest.xacro
[6.566s] -- Up-to-date symlink: /mnt/c/Users/USER/Documents/wheelchair/wheelchair_ws/install/wheelchair_description/share/ament_index/resource_index/package_run_dependencies/wheelchair_description
[6.712s] -- Up-to-date symlink: /mnt/c/Users/USER/Documents/wheelchair/wheelchair_ws/install/wheelchair_description/share/ament_index/resource_index/parent_prefix_path/wheelchair_description
[6.791s] -- Up-to-date symlink: /mnt/c/Users/USER/Documents/wheelchair/wheelchair_ws/install/wheelchair_description/share/wheelchair_description/environment/ament_prefix_path.sh
[6.930s] -- Up-to-date symlink: /mnt/c/Users/USER/Documents/wheelchair/wheelchair_ws/install/wheelchair_description/share/wheelchair_description/environment/ament_prefix_path.dsv
[7.028s] -- Up-to-date symlink: /mnt/c/Users/USER/Documents/wheelchair/wheelchair_ws/install/wheelchair_description/share/wheelchair_description/environment/path.sh
[7.121s] -- Up-to-date symlink: /mnt/c/Users/USER/Documents/wheelchair/wheelchair_ws/install/wheelchair_description/share/wheelchair_description/environment/path.dsv
[7.207s] -- Up-to-date symlink: /mnt/c/Users/USER/Documents/wheelchair/wheelchair_ws/install/wheelchair_description/share/wheelchair_description/local_setup.bash
[7.289s] -- Up-to-date symlink: /mnt/c/Users/USER/Documents/wheelchair/wheelchair_ws/install/wheelchair_description/share/wheelchair_description/local_setup.sh
[7.337s] -- Up-to-date symlink: /mnt/c/Users/USER/Documents/wheelchair/wheelchair_ws/install/wheelchair_description/share/wheelchair_description/local_setup.zsh
[7.400s] -- Up-to-date symlink: /mnt/c/Users/USER/Documents/wheelchair/wheelchair_ws/install/wheelchair_description/share/wheelchair_description/local_setup.dsv
[7.438s] -- Symlinking: /mnt/c/Users/USER/Documents/wheelchair/wheelchair_ws/install/wheelchair_description/share/wheelchair_description/package.dsv
[7.672s] -- Up-to-date symlink: /mnt/c/Users/USER/Documents/wheelchair/wheelchair_ws/install/wheelchair_description/share/ament_index/resource_index/packages/wheelchair_description
[7.812s] -- Up-to-date symlink: /mnt/c/Users/USER/Documents/wheelchair/wheelchair_ws/install/wheelchair_description/share/wheelchair_description/cmake/wheelchair_descriptionConfig.cmake
[7.943s] -- Up-to-date symlink: /mnt/c/Users/USER/Documents/wheelchair/wheelchair_ws/install/wheelchair_description/share/wheelchair_description/cmake/wheelchair_descriptionConfig-version.cmake
[8.026s] -- Up-to-date symlink: /mnt/c/Users/USER/Documents/wheelchair/wheelchair_ws/install/wheelchair_description/share/wheelchair_description/package.xml
[8.033s] Invoked command in '/mnt/c/Users/USER/Documents/wheelchair/wheelchair_ws/build/wheelchair_description' returned '0': CMAKE_PREFIX_PATH=${CMAKE_PREFIX_PATH}:/opt/ros/humble /usr/bin/cmake --install /mnt/c/Users/USER/Documents/wheelchair/wheelchair_ws/build/wheelchair_description
