[0.362s] DEBUG:colcon:Command line arguments: ['/usr/bin/colcon', 'build', '--symlink-install']
[0.363s] DEBUG:colcon:Parsed command line arguments: Namespace(log_base=None, log_level=None, verb_name='build', build_base='build', install_base='install', merge_install=False, symlink_install=True, test_result_base=None, continue_on_error=False, executor='parallel', parallel_workers=12, event_handlers=None, ignore_user_meta=False, metas=['./colcon.meta'], base_paths=['.'], packages_ignore=None, packages_ignore_regex=None, paths=None, packages_up_to=None, packages_up_to_regex=None, packages_above=None, packages_above_and_dependencies=None, packages_above_depth=None, packages_select_by_dep=None, packages_skip_by_dep=None, packages_skip_up_to=None, packages_select_build_failed=False, packages_skip_build_finished=False, packages_select_test_failures=False, packages_skip_test_passed=False, packages_select=None, packages_skip=None, packages_select_regex=None, packages_skip_regex=None, packages_start=None, packages_end=None, allow_overriding=[], cmake_args=None, cmake_target=None, cmake_target_skip_unavailable=False, cmake_clean_cache=False, cmake_clean_first=False, cmake_force_configure=False, ament_cmake_args=None, catkin_cmake_args=None, catkin_skip_building_tests=False, verb_parser=<colcon_defaults.argument_parser.defaults.DefaultArgumentsDecorator object at 0x70d6dfc3d8a0>, verb_extension=<colcon_core.verb.build.BuildVerb object at 0x70d6dfdd1f90>, main=<bound method BuildVerb.main of <colcon_core.verb.build.BuildVerb object at 0x70d6dfdd1f90>>)
[0.481s] Level 1:colcon.colcon_core.package_discovery:discover_packages(colcon_meta) check parameters
[0.483s] Level 1:colcon.colcon_core.package_discovery:discover_packages(recursive) check parameters
[0.483s] Level 1:colcon.colcon_core.package_discovery:discover_packages(ignore) check parameters
[0.483s] Level 1:colcon.colcon_core.package_discovery:discover_packages(path) check parameters
[0.484s] Level 1:colcon.colcon_core.package_discovery:discover_packages(colcon_meta) discover
[0.484s] Level 1:colcon.colcon_core.package_discovery:discover_packages(recursive) discover
[0.485s] INFO:colcon.colcon_core.package_discovery:Crawling recursively for packages in '/mnt/c/Users/USER/Documents/wheelchair/wheelchair_ws'
[0.487s] Level 1:colcon.colcon_core.package_identification:_identify(.) by extensions ['ignore', 'ignore_ament_install']
[0.487s] Level 1:colcon.colcon_core.package_identification:_identify(.) by extension 'ignore'
[0.488s] Level 1:colcon.colcon_core.package_identification:_identify(.) by extension 'ignore_ament_install'
[0.489s] Level 1:colcon.colcon_core.package_identification:_identify(.) by extensions ['colcon_pkg']
[0.489s] Level 1:colcon.colcon_core.package_identification:_identify(.) by extension 'colcon_pkg'
[0.490s] Level 1:colcon.colcon_core.package_identification:_identify(.) by extensions ['colcon_meta']
[0.491s] Level 1:colcon.colcon_core.package_identification:_identify(.) by extension 'colcon_meta'
[0.491s] Level 1:colcon.colcon_core.package_identification:_identify(.) by extensions ['ros']
[0.491s] Level 1:colcon.colcon_core.package_identification:_identify(.) by extension 'ros'
[0.503s] Level 1:colcon.colcon_core.package_identification:_identify(.) by extensions ['cmake', 'python']
[0.503s] Level 1:colcon.colcon_core.package_identification:_identify(.) by extension 'cmake'
[0.504s] Level 1:colcon.colcon_core.package_identification:_identify(.) by extension 'python'
[0.505s] Level 1:colcon.colcon_core.package_identification:_identify(.) by extensions ['python_setup_py']
[0.505s] Level 1:colcon.colcon_core.package_identification:_identify(.) by extension 'python_setup_py'
[0.510s] Level 1:colcon.colcon_core.package_identification:_identify(build) by extensions ['ignore', 'ignore_ament_install']
[0.511s] Level 1:colcon.colcon_core.package_identification:_identify(build) by extension 'ignore'
[0.514s] Level 1:colcon.colcon_core.package_identification:_identify(build) ignored
[0.518s] Level 1:colcon.colcon_core.package_identification:_identify(install) by extensions ['ignore', 'ignore_ament_install']
[0.519s] Level 1:colcon.colcon_core.package_identification:_identify(install) by extension 'ignore'
[0.520s] Level 1:colcon.colcon_core.package_identification:_identify(install) ignored
[0.528s] Level 1:colcon.colcon_core.package_identification:_identify(log) by extensions ['ignore', 'ignore_ament_install']
[0.529s] Level 1:colcon.colcon_core.package_identification:_identify(log) by extension 'ignore'
[0.532s] Level 1:colcon.colcon_core.package_identification:_identify(log) ignored
[0.535s] Level 1:colcon.colcon_core.package_identification:_identify(wheelchair_description) by extensions ['ignore', 'ignore_ament_install']
[0.536s] Level 1:colcon.colcon_core.package_identification:_identify(wheelchair_description) by extension 'ignore'
[0.537s] Level 1:colcon.colcon_core.package_identification:_identify(wheelchair_description) by extension 'ignore_ament_install'
[0.541s] Level 1:colcon.colcon_core.package_identification:_identify(wheelchair_description) by extensions ['colcon_pkg']
[0.541s] Level 1:colcon.colcon_core.package_identification:_identify(wheelchair_description) by extension 'colcon_pkg'
[0.542s] Level 1:colcon.colcon_core.package_identification:_identify(wheelchair_description) by extensions ['colcon_meta']
[0.542s] Level 1:colcon.colcon_core.package_identification:_identify(wheelchair_description) by extension 'colcon_meta'
[0.544s] Level 1:colcon.colcon_core.package_identification:_identify(wheelchair_description) by extensions ['ros']
[0.544s] Level 1:colcon.colcon_core.package_identification:_identify(wheelchair_description) by extension 'ros'
[0.566s] DEBUG:colcon.colcon_core.package_identification:Package 'wheelchair_description' with type 'ros.ament_cmake' and name 'wheelchair_description'
[0.567s] Level 1:colcon.colcon_core.package_discovery:discover_packages(recursive) using defaults
[0.568s] Level 1:colcon.colcon_core.package_discovery:discover_packages(ignore) discover
[0.568s] Level 1:colcon.colcon_core.package_discovery:discover_packages(ignore) using defaults
[0.569s] Level 1:colcon.colcon_core.package_discovery:discover_packages(path) discover
[0.569s] Level 1:colcon.colcon_core.package_discovery:discover_packages(path) using defaults
[0.604s] Level 1:colcon.colcon_core.package_discovery:discover_packages(prefix_path) check parameters
[0.604s] Level 1:colcon.colcon_core.package_discovery:discover_packages(prefix_path) discover
[0.608s] WARNING:colcon.colcon_core.prefix_path.colcon:The path '/home/jahwinjames/wheelchair/wheelchair_ws/install' in the environment variable COLCON_PREFIX_PATH doesn't exist
[0.623s] WARNING:colcon.colcon_ros.prefix_path.ament:The path '/home/jahwinjames/wheelchair/wheelchair_ws/install/wheelchair_description' in the environment variable AMENT_PREFIX_PATH doesn't exist
[0.628s] WARNING:colcon.colcon_ros.prefix_path.catkin:The path '/home/jahwinjames/wheelchair/wheelchair_ws/install/wheelchair_description' in the environment variable CMAKE_PREFIX_PATH doesn't exist
[0.696s] DEBUG:colcon.colcon_installed_package_information.package_discovery:Found 1 installed packages in /mnt/c/Users/USER/Documents/wheelchair/wheelchair_ws/install
[0.698s] DEBUG:colcon.colcon_installed_package_information.package_discovery:Found 343 installed packages in /opt/ros/humble
[0.701s] Level 1:colcon.colcon_core.package_discovery:discover_packages(prefix_path) using defaults
[0.874s] Level 5:colcon.colcon_core.verb:set package 'wheelchair_description' build argument 'cmake_args' from command line to 'None'
[0.875s] Level 5:colcon.colcon_core.verb:set package 'wheelchair_description' build argument 'cmake_target' from command line to 'None'
[0.876s] Level 5:colcon.colcon_core.verb:set package 'wheelchair_description' build argument 'cmake_target_skip_unavailable' from command line to 'False'
[0.878s] Level 5:colcon.colcon_core.verb:set package 'wheelchair_description' build argument 'cmake_clean_cache' from command line to 'False'
[0.886s] Level 5:colcon.colcon_core.verb:set package 'wheelchair_description' build argument 'cmake_clean_first' from command line to 'False'
[0.887s] Level 5:colcon.colcon_core.verb:set package 'wheelchair_description' build argument 'cmake_force_configure' from command line to 'False'
[0.888s] Level 5:colcon.colcon_core.verb:set package 'wheelchair_description' build argument 'ament_cmake_args' from command line to 'None'
[0.889s] Level 5:colcon.colcon_core.verb:set package 'wheelchair_description' build argument 'catkin_cmake_args' from command line to 'None'
[0.890s] Level 5:colcon.colcon_core.verb:set package 'wheelchair_description' build argument 'catkin_skip_building_tests' from command line to 'False'
[0.891s] DEBUG:colcon.colcon_core.verb:Building package 'wheelchair_description' with the following arguments: {'ament_cmake_args': None, 'build_base': '/mnt/c/Users/USER/Documents/wheelchair/wheelchair_ws/build/wheelchair_description', 'catkin_cmake_args': None, 'catkin_skip_building_tests': False, 'cmake_args': None, 'cmake_clean_cache': False, 'cmake_clean_first': False, 'cmake_force_configure': False, 'cmake_target': None, 'cmake_target_skip_unavailable': False, 'install_base': '/mnt/c/Users/USER/Documents/wheelchair/wheelchair_ws/install/wheelchair_description', 'merge_install': False, 'path': '/mnt/c/Users/USER/Documents/wheelchair/wheelchair_ws/wheelchair_description', 'symlink_install': True, 'test_result_base': None}
[0.891s] INFO:colcon.colcon_core.executor:Executing jobs using 'parallel' executor
[0.896s] DEBUG:colcon.colcon_parallel_executor.executor.parallel:run_until_complete
[0.898s] INFO:colcon.colcon_ros.task.ament_cmake.build:Building ROS package in '/mnt/c/Users/USER/Documents/wheelchair/wheelchair_ws/wheelchair_description' with build type 'ament_cmake'
[0.899s] INFO:colcon.colcon_cmake.task.cmake.build:Building CMake package in '/mnt/c/Users/USER/Documents/wheelchair/wheelchair_ws/wheelchair_description'
[0.913s] INFO:colcon.colcon_core.plugin_system:Skipping extension 'colcon_core.shell.bat': Not used on non-Windows systems
[0.915s] INFO:colcon.colcon_core.shell:Skip shell extension 'powershell' for command environment: Not usable outside of PowerShell
[0.916s] DEBUG:colcon.colcon_core.shell:Skip shell extension 'dsv' for command environment
[1.457s] DEBUG:colcon.colcon_core.event_handler.log_command:Invoking command in '/mnt/c/Users/USER/Documents/wheelchair/wheelchair_ws/build/wheelchair_description': CMAKE_PREFIX_PATH=${CMAKE_PREFIX_PATH}:/opt/ros/humble /usr/bin/cmake --build /mnt/c/Users/USER/Documents/wheelchair/wheelchair_ws/build/wheelchair_description -- -j12 -l12
[27.039s] DEBUG:colcon.colcon_core.event_handler.log_command:Invoked command in '/mnt/c/Users/USER/Documents/wheelchair/wheelchair_ws/build/wheelchair_description' returned '0': CMAKE_PREFIX_PATH=${CMAKE_PREFIX_PATH}:/opt/ros/humble /usr/bin/cmake --build /mnt/c/Users/USER/Documents/wheelchair/wheelchair_ws/build/wheelchair_description -- -j12 -l12
[27.170s] DEBUG:colcon.colcon_core.event_handler.log_command:Invoking command in '/mnt/c/Users/USER/Documents/wheelchair/wheelchair_ws/build/wheelchair_description': CMAKE_PREFIX_PATH=${CMAKE_PREFIX_PATH}:/opt/ros/humble /usr/bin/cmake --install /mnt/c/Users/USER/Documents/wheelchair/wheelchair_ws/build/wheelchair_description
[38.628s] Level 1:colcon.colcon_core.environment:create_environment_scripts_only(wheelchair_description)
[38.630s] DEBUG:colcon.colcon_core.event_handler.log_command:Invoked command in '/mnt/c/Users/USER/Documents/wheelchair/wheelchair_ws/build/wheelchair_description' returned '0': CMAKE_PREFIX_PATH=${CMAKE_PREFIX_PATH}:/opt/ros/humble /usr/bin/cmake --install /mnt/c/Users/USER/Documents/wheelchair/wheelchair_ws/build/wheelchair_description
[38.647s] Level 1:colcon.colcon_core.environment:checking '/mnt/c/Users/USER/Documents/wheelchair/wheelchair_ws/install/wheelchair_description' for CMake module files
[38.754s] Level 1:colcon.colcon_core.environment:checking '/mnt/c/Users/USER/Documents/wheelchair/wheelchair_ws/install/wheelchair_description' for CMake config files
[38.855s] Level 1:colcon.colcon_core.shell:create_environment_hook('wheelchair_description', 'cmake_prefix_path')
[38.855s] INFO:colcon.colcon_core.shell:Creating environment hook '/mnt/c/Users/USER/Documents/wheelchair/wheelchair_ws/install/wheelchair_description/share/wheelchair_description/hook/cmake_prefix_path.ps1'
[38.900s] INFO:colcon.colcon_core.shell:Creating environment descriptor '/mnt/c/Users/USER/Documents/wheelchair/wheelchair_ws/install/wheelchair_description/share/wheelchair_description/hook/cmake_prefix_path.dsv'
[38.978s] INFO:colcon.colcon_core.shell:Creating environment hook '/mnt/c/Users/USER/Documents/wheelchair/wheelchair_ws/install/wheelchair_description/share/wheelchair_description/hook/cmake_prefix_path.sh'
[39.094s] Level 1:colcon.colcon_core.environment:checking '/mnt/c/Users/USER/Documents/wheelchair/wheelchair_ws/install/wheelchair_description/bin'
[39.101s] Level 1:colcon.colcon_core.environment:checking '/mnt/c/Users/USER/Documents/wheelchair/wheelchair_ws/install/wheelchair_description/lib/pkgconfig/wheelchair_description.pc'
[39.108s] Level 1:colcon.colcon_core.environment:checking '/mnt/c/Users/USER/Documents/wheelchair/wheelchair_ws/install/wheelchair_description/lib/python3.10/site-packages'
[39.114s] Level 1:colcon.colcon_core.environment:checking '/mnt/c/Users/USER/Documents/wheelchair/wheelchair_ws/install/wheelchair_description/bin'
[39.119s] INFO:colcon.colcon_core.shell:Creating package script '/mnt/c/Users/USER/Documents/wheelchair/wheelchair_ws/install/wheelchair_description/share/wheelchair_description/package.ps1'
[39.225s] INFO:colcon.colcon_core.shell:Creating package descriptor '/mnt/c/Users/USER/Documents/wheelchair/wheelchair_ws/install/wheelchair_description/share/wheelchair_description/package.dsv'
[39.338s] INFO:colcon.colcon_core.shell:Creating package script '/mnt/c/Users/USER/Documents/wheelchair/wheelchair_ws/install/wheelchair_description/share/wheelchair_description/package.sh'
[39.421s] INFO:colcon.colcon_core.shell:Creating package script '/mnt/c/Users/USER/Documents/wheelchair/wheelchair_ws/install/wheelchair_description/share/wheelchair_description/package.bash'
[39.516s] INFO:colcon.colcon_core.shell:Creating package script '/mnt/c/Users/USER/Documents/wheelchair/wheelchair_ws/install/wheelchair_description/share/wheelchair_description/package.zsh'
[39.590s] Level 1:colcon.colcon_core.environment:create_file_with_runtime_dependencies(/mnt/c/Users/USER/Documents/wheelchair/wheelchair_ws/install/wheelchair_description/share/colcon-core/packages/wheelchair_description)
[39.754s] Level 1:colcon.colcon_core.environment:create_environment_scripts_only(wheelchair_description)
[39.755s] Level 1:colcon.colcon_core.environment:checking '/mnt/c/Users/USER/Documents/wheelchair/wheelchair_ws/install/wheelchair_description' for CMake module files
[39.931s] Level 1:colcon.colcon_core.environment:checking '/mnt/c/Users/USER/Documents/wheelchair/wheelchair_ws/install/wheelchair_description' for CMake config files
[39.992s] Level 1:colcon.colcon_core.shell:create_environment_hook('wheelchair_description', 'cmake_prefix_path')
[39.992s] INFO:colcon.colcon_core.shell:Creating environment hook '/mnt/c/Users/USER/Documents/wheelchair/wheelchair_ws/install/wheelchair_description/share/wheelchair_description/hook/cmake_prefix_path.ps1'
[40.002s] INFO:colcon.colcon_core.shell:Creating environment descriptor '/mnt/c/Users/USER/Documents/wheelchair/wheelchair_ws/install/wheelchair_description/share/wheelchair_description/hook/cmake_prefix_path.dsv'
[40.013s] INFO:colcon.colcon_core.shell:Creating environment hook '/mnt/c/Users/USER/Documents/wheelchair/wheelchair_ws/install/wheelchair_description/share/wheelchair_description/hook/cmake_prefix_path.sh'
[40.025s] Level 1:colcon.colcon_core.environment:checking '/mnt/c/Users/USER/Documents/wheelchair/wheelchair_ws/install/wheelchair_description/bin'
[40.026s] Level 1:colcon.colcon_core.environment:checking '/mnt/c/Users/USER/Documents/wheelchair/wheelchair_ws/install/wheelchair_description/lib/pkgconfig/wheelchair_description.pc'
[40.027s] Level 1:colcon.colcon_core.environment:checking '/mnt/c/Users/USER/Documents/wheelchair/wheelchair_ws/install/wheelchair_description/lib/python3.10/site-packages'
[40.029s] Level 1:colcon.colcon_core.environment:checking '/mnt/c/Users/USER/Documents/wheelchair/wheelchair_ws/install/wheelchair_description/bin'
[40.030s] INFO:colcon.colcon_core.shell:Creating package script '/mnt/c/Users/USER/Documents/wheelchair/wheelchair_ws/install/wheelchair_description/share/wheelchair_description/package.ps1'
[40.057s] INFO:colcon.colcon_core.shell:Creating package descriptor '/mnt/c/Users/USER/Documents/wheelchair/wheelchair_ws/install/wheelchair_description/share/wheelchair_description/package.dsv'
[40.107s] INFO:colcon.colcon_core.shell:Creating package script '/mnt/c/Users/USER/Documents/wheelchair/wheelchair_ws/install/wheelchair_description/share/wheelchair_description/package.sh'
[40.183s] INFO:colcon.colcon_core.shell:Creating package script '/mnt/c/Users/USER/Documents/wheelchair/wheelchair_ws/install/wheelchair_description/share/wheelchair_description/package.bash'
[40.252s] INFO:colcon.colcon_core.shell:Creating package script '/mnt/c/Users/USER/Documents/wheelchair/wheelchair_ws/install/wheelchair_description/share/wheelchair_description/package.zsh'
[40.315s] Level 1:colcon.colcon_core.environment:create_file_with_runtime_dependencies(/mnt/c/Users/USER/Documents/wheelchair/wheelchair_ws/install/wheelchair_description/share/colcon-core/packages/wheelchair_description)
[40.391s] DEBUG:colcon.colcon_parallel_executor.executor.parallel:closing loop
[40.399s] DEBUG:colcon.colcon_parallel_executor.executor.parallel:loop closed
[40.401s] DEBUG:colcon.colcon_parallel_executor.executor.parallel:run_until_complete finished with '0'
[40.404s] DEBUG:colcon.colcon_core.event_reactor:joining thread
[40.597s] INFO:colcon.colcon_core.plugin_system:Skipping extension 'colcon_notification.desktop_notification.notify_send': Could not find 'notify-send'
[40.598s] INFO:colcon.colcon_core.plugin_system:Skipping extension 'colcon_notification.desktop_notification.terminal_notifier': Not used on non-Darwin systems
[40.599s] INFO:colcon.colcon_core.plugin_system:Skipping extension 'colcon_notification.desktop_notification.win32': Not used on non-Windows systems
[40.599s] INFO:colcon.colcon_notification.desktop_notification:Sending desktop notification using 'notify2'
[40.609s] DEBUG:colcon.colcon_notification.desktop_notification.notify2:Failed to initialize notify2: org.freedesktop.DBus.Error.ServiceUnknown: The name org.freedesktop.Notifications was not provided by any .service files
[40.610s] DEBUG:colcon.colcon_core.event_reactor:joined thread
[40.611s] INFO:colcon.colcon_core.shell:Creating prefix script '/mnt/c/Users/USER/Documents/wheelchair/wheelchair_ws/install/local_setup.ps1'
[40.663s] INFO:colcon.colcon_core.shell:Creating prefix util module '/mnt/c/Users/USER/Documents/wheelchair/wheelchair_ws/install/_local_setup_util_ps1.py'
[40.741s] INFO:colcon.colcon_core.shell:Creating prefix chain script '/mnt/c/Users/USER/Documents/wheelchair/wheelchair_ws/install/setup.ps1'
[40.867s] INFO:colcon.colcon_core.shell:Creating prefix script '/mnt/c/Users/USER/Documents/wheelchair/wheelchair_ws/install/local_setup.sh'
[40.974s] INFO:colcon.colcon_core.shell:Creating prefix util module '/mnt/c/Users/USER/Documents/wheelchair/wheelchair_ws/install/_local_setup_util_sh.py'
[41.039s] INFO:colcon.colcon_core.shell:Creating prefix chain script '/mnt/c/Users/USER/Documents/wheelchair/wheelchair_ws/install/setup.sh'
[41.147s] INFO:colcon.colcon_core.shell:Creating prefix script '/mnt/c/Users/USER/Documents/wheelchair/wheelchair_ws/install/local_setup.bash'
[41.231s] INFO:colcon.colcon_core.shell:Creating prefix chain script '/mnt/c/Users/USER/Documents/wheelchair/wheelchair_ws/install/setup.bash'
[41.338s] INFO:colcon.colcon_core.shell:Creating prefix script '/mnt/c/Users/USER/Documents/wheelchair/wheelchair_ws/install/local_setup.zsh'
[41.407s] INFO:colcon.colcon_core.shell:Creating prefix chain script '/mnt/c/Users/USER/Documents/wheelchair/wheelchair_ws/install/setup.zsh'
